
*** Running vivado
    with args -log design_1_proc_sys_reset_6_0.vds -m64 -product Vivado -mode batch -messageDb vivado.pb -notrace -source design_1_proc_sys_reset_6_0.tcl


****** Vivado v2021.2 (64-bit)
  **** SW Build 3367213 on Tue Oct 19 02:47:39 MDT 2021
  **** IP Build 3369179 on Thu Oct 21 08:25:16 MDT 2021
    ** Copyright 1986-2021 Xilinx, Inc. All Rights Reserved.

Sourcing tcl script '/home/mklab/.Xilinx/Vivado/Vivado_init.tcl'
58 Beta devices matching pattern found, 0 enabled.
source design_1_proc_sys_reset_6_0.tcl -notrace
INFO: [IP_Flow 19-234] Refreshing IP repositories
INFO: [IP_Flow 19-1700] Loaded user IP repository '/home/mklab/workspace/KRIA-Motor-Control/vivado/src/ipRepo'.
INFO: [IP_Flow 19-2313] Loaded Vivado IP repository '/home/mklab/Xilinx/Vivado/2021.2/data/ip'.
Command: synth_design -top design_1_proc_sys_reset_6_0 -part xck26-sfvc784-2LV-c -mode out_of_context
Starting synth_design
Attempting to get a license for feature 'Synthesis' and/or device 'xck26'
INFO: [Common 17-349] Got license for feature 'Synthesis' and/or device 'xck26'
INFO: [Device 21-403] Loading part xck26-sfvc784-2LV-c
INFO: [Synth 8-7079] Multithreading enabled for synth_design using a maximum of 4 processes.
INFO: [Synth 8-7078] Launching helper process for spawning children vivado processes
INFO: [Synth 8-7075] Helper process launched with PID 9215
---------------------------------------------------------------------------------
Starting RTL Elaboration : Time (s): cpu = 00:00:03 ; elapsed = 00:00:03 . Memory (MB): peak = 3077.797 ; gain = 145.797 ; free physical = 4118 ; free virtual = 59849
---------------------------------------------------------------------------------
INFO: [Synth 8-638] synthesizing module 'design_1_proc_sys_reset_6_0' [/home/mklab/workspace/KRIA-Motor-Control/vivado/output/temp/vv/k26_foc.gen/sources_1/bd/design_1/ip/design_1_proc_sys_reset_6_0/synth/design_1_proc_sys_reset_6_0.vhd:74]
	Parameter C_FAMILY bound to: zynquplus - type: string 
	Parameter C_EXT_RST_WIDTH bound to: 4 - type: integer 
	Parameter C_AUX_RST_WIDTH bound to: 4 - type: integer 
	Parameter C_EXT_RESET_HIGH bound to: 1'b0 
	Parameter C_AUX_RESET_HIGH bound to: 1'b0 
	Parameter C_NUM_BUS_RST bound to: 1 - type: integer 
	Parameter C_NUM_PERP_RST bound to: 1 - type: integer 
	Parameter C_NUM_INTERCONNECT_ARESETN bound to: 1 - type: integer 
	Parameter C_NUM_PERP_ARESETN bound to: 1 - type: integer 
INFO: [Synth 8-3491] module 'proc_sys_reset' declared at '/home/mklab/workspace/KRIA-Motor-Control/vivado/output/temp/vv/k26_foc.gen/sources_1/bd/design_1/ipshared/8842/hdl/proc_sys_reset_v5_0_vh_rfs.vhd:1264' bound to instance 'U0' of component 'proc_sys_reset' [/home/mklab/workspace/KRIA-Motor-Control/vivado/output/temp/vv/k26_foc.gen/sources_1/bd/design_1/ip/design_1_proc_sys_reset_6_0/synth/design_1_proc_sys_reset_6_0.vhd:129]
INFO: [Synth 8-638] synthesizing module 'proc_sys_reset' [/home/mklab/workspace/KRIA-Motor-Control/vivado/output/temp/vv/k26_foc.gen/sources_1/bd/design_1/ipshared/8842/hdl/proc_sys_reset_v5_0_vh_rfs.vhd:1323]
	Parameter INIT bound to: 1'b1 
INFO: [Synth 8-113] binding component instance 'FDRE_inst' to cell 'FDRE' [/home/mklab/workspace/KRIA-Motor-Control/vivado/output/temp/vv/k26_foc.gen/sources_1/bd/design_1/ipshared/8842/hdl/proc_sys_reset_v5_0_vh_rfs.vhd:1392]
	Parameter INIT bound to: 1'b1 
INFO: [Synth 8-113] binding component instance 'FDRE_BSR' to cell 'FDRE' [/home/mklab/workspace/KRIA-Motor-Control/vivado/output/temp/vv/k26_foc.gen/sources_1/bd/design_1/ipshared/8842/hdl/proc_sys_reset_v5_0_vh_rfs.vhd:1408]
	Parameter INIT bound to: 1'b0 
INFO: [Synth 8-113] binding component instance 'FDRE_BSR_N' to cell 'FDRE' [/home/mklab/workspace/KRIA-Motor-Control/vivado/output/temp/vv/k26_foc.gen/sources_1/bd/design_1/ipshared/8842/hdl/proc_sys_reset_v5_0_vh_rfs.vhd:1434]
	Parameter INIT bound to: 1'b1 
INFO: [Synth 8-113] binding component instance 'FDRE_PER' to cell 'FDRE' [/home/mklab/workspace/KRIA-Motor-Control/vivado/output/temp/vv/k26_foc.gen/sources_1/bd/design_1/ipshared/8842/hdl/proc_sys_reset_v5_0_vh_rfs.vhd:1457]
	Parameter INIT bound to: 1'b0 
INFO: [Synth 8-113] binding component instance 'FDRE_PER_N' to cell 'FDRE' [/home/mklab/workspace/KRIA-Motor-Control/vivado/output/temp/vv/k26_foc.gen/sources_1/bd/design_1/ipshared/8842/hdl/proc_sys_reset_v5_0_vh_rfs.vhd:1481]
INFO: [Synth 8-638] synthesizing module 'lpf' [/home/mklab/workspace/KRIA-Motor-Control/vivado/output/temp/vv/k26_foc.gen/sources_1/bd/design_1/ipshared/8842/hdl/proc_sys_reset_v5_0_vh_rfs.vhd:816]
INFO: [Synth 8-3491] module 'SRL16' declared at '/home/mklab/Xilinx/Vivado/2021.2/scripts/rt/data/unisim_comp.v:105983' bound to instance 'POR_SRL_I' of component 'SRL16' [/home/mklab/workspace/KRIA-Motor-Control/vivado/output/temp/vv/k26_foc.gen/sources_1/bd/design_1/ipshared/8842/hdl/proc_sys_reset_v5_0_vh_rfs.vhd:868]
INFO: [Synth 8-6157] synthesizing module 'SRL16' [/home/mklab/Xilinx/Vivado/2021.2/scripts/rt/data/unisim_comp.v:105983]
INFO: [Synth 8-6155] done synthesizing module 'SRL16' (1#1) [/home/mklab/Xilinx/Vivado/2021.2/scripts/rt/data/unisim_comp.v:105983]
INFO: [Synth 8-638] synthesizing module 'cdc_sync' [/home/mklab/workspace/KRIA-Motor-Control/vivado/output/temp/vv/k26_foc.gen/sources_1/bd/design_1/ipshared/ef1e/hdl/lib_cdc_v1_0_rfs.vhd:106]
	Parameter INIT bound to: 1'b0 
INFO: [Synth 8-113] binding component instance 'CROSS_PLEVEL_IN2SCNDRY_IN_cdc_to' to cell 'FDR' [/home/mklab/workspace/KRIA-Motor-Control/vivado/output/temp/vv/k26_foc.gen/sources_1/bd/design_1/ipshared/ef1e/hdl/lib_cdc_v1_0_rfs.vhd:514]
	Parameter INIT bound to: 1'b0 
INFO: [Synth 8-113] binding component instance 'CROSS_PLEVEL_IN2SCNDRY_s_level_out_d2' to cell 'FDR' [/home/mklab/workspace/KRIA-Motor-Control/vivado/output/temp/vv/k26_foc.gen/sources_1/bd/design_1/ipshared/ef1e/hdl/lib_cdc_v1_0_rfs.vhd:545]
	Parameter INIT bound to: 1'b0 
INFO: [Synth 8-113] binding component instance 'CROSS_PLEVEL_IN2SCNDRY_s_level_out_d3' to cell 'FDR' [/home/mklab/workspace/KRIA-Motor-Control/vivado/output/temp/vv/k26_foc.gen/sources_1/bd/design_1/ipshared/ef1e/hdl/lib_cdc_v1_0_rfs.vhd:554]
	Parameter INIT bound to: 1'b0 
INFO: [Synth 8-113] binding component instance 'CROSS_PLEVEL_IN2SCNDRY_s_level_out_d4' to cell 'FDR' [/home/mklab/workspace/KRIA-Motor-Control/vivado/output/temp/vv/k26_foc.gen/sources_1/bd/design_1/ipshared/ef1e/hdl/lib_cdc_v1_0_rfs.vhd:564]
	Parameter INIT bound to: 1'b0 
INFO: [Synth 8-113] binding component instance 'CROSS_PLEVEL_IN2SCNDRY_s_level_out_d5' to cell 'FDR' [/home/mklab/workspace/KRIA-Motor-Control/vivado/output/temp/vv/k26_foc.gen/sources_1/bd/design_1/ipshared/ef1e/hdl/lib_cdc_v1_0_rfs.vhd:574]
	Parameter INIT bound to: 1'b0 
INFO: [Synth 8-113] binding component instance 'CROSS_PLEVEL_IN2SCNDRY_s_level_out_d6' to cell 'FDR' [/home/mklab/workspace/KRIA-Motor-Control/vivado/output/temp/vv/k26_foc.gen/sources_1/bd/design_1/ipshared/ef1e/hdl/lib_cdc_v1_0_rfs.vhd:584]
INFO: [Synth 8-256] done synthesizing module 'cdc_sync' (2#1) [/home/mklab/workspace/KRIA-Motor-Control/vivado/output/temp/vv/k26_foc.gen/sources_1/bd/design_1/ipshared/ef1e/hdl/lib_cdc_v1_0_rfs.vhd:106]
INFO: [Synth 8-256] done synthesizing module 'lpf' (3#1) [/home/mklab/workspace/KRIA-Motor-Control/vivado/output/temp/vv/k26_foc.gen/sources_1/bd/design_1/ipshared/8842/hdl/proc_sys_reset_v5_0_vh_rfs.vhd:816]
INFO: [Synth 8-638] synthesizing module 'sequence_psr' [/home/mklab/workspace/KRIA-Motor-Control/vivado/output/temp/vv/k26_foc.gen/sources_1/bd/design_1/ipshared/8842/hdl/proc_sys_reset_v5_0_vh_rfs.vhd:301]
INFO: [Synth 8-638] synthesizing module 'upcnt_n' [/home/mklab/workspace/KRIA-Motor-Control/vivado/output/temp/vv/k26_foc.gen/sources_1/bd/design_1/ipshared/8842/hdl/proc_sys_reset_v5_0_vh_rfs.vhd:125]
INFO: [Synth 8-256] done synthesizing module 'upcnt_n' (4#1) [/home/mklab/workspace/KRIA-Motor-Control/vivado/output/temp/vv/k26_foc.gen/sources_1/bd/design_1/ipshared/8842/hdl/proc_sys_reset_v5_0_vh_rfs.vhd:125]
INFO: [Synth 8-256] done synthesizing module 'sequence_psr' (5#1) [/home/mklab/workspace/KRIA-Motor-Control/vivado/output/temp/vv/k26_foc.gen/sources_1/bd/design_1/ipshared/8842/hdl/proc_sys_reset_v5_0_vh_rfs.vhd:301]
INFO: [Synth 8-256] done synthesizing module 'proc_sys_reset' (6#1) [/home/mklab/workspace/KRIA-Motor-Control/vivado/output/temp/vv/k26_foc.gen/sources_1/bd/design_1/ipshared/8842/hdl/proc_sys_reset_v5_0_vh_rfs.vhd:1323]
INFO: [Synth 8-256] done synthesizing module 'design_1_proc_sys_reset_6_0' (7#1) [/home/mklab/workspace/KRIA-Motor-Control/vivado/output/temp/vv/k26_foc.gen/sources_1/bd/design_1/ip/design_1_proc_sys_reset_6_0/synth/design_1_proc_sys_reset_6_0.vhd:74]
WARNING: [Synth 8-7129] Port prmry_aclk in module cdc_sync is either unconnected or has no load
WARNING: [Synth 8-7129] Port prmry_resetn in module cdc_sync is either unconnected or has no load
WARNING: [Synth 8-7129] Port prmry_vect_in[1] in module cdc_sync is either unconnected or has no load
WARNING: [Synth 8-7129] Port prmry_vect_in[0] in module cdc_sync is either unconnected or has no load
WARNING: [Synth 8-7129] Port scndry_resetn in module cdc_sync is either unconnected or has no load
---------------------------------------------------------------------------------
Finished RTL Elaboration : Time (s): cpu = 00:00:03 ; elapsed = 00:00:04 . Memory (MB): peak = 3135.734 ; gain = 203.734 ; free physical = 3893 ; free virtual = 59625
---------------------------------------------------------------------------------
---------------------------------------------------------------------------------
Start Handling Custom Attributes
---------------------------------------------------------------------------------
---------------------------------------------------------------------------------
Finished Handling Custom Attributes : Time (s): cpu = 00:00:04 ; elapsed = 00:00:04 . Memory (MB): peak = 3153.547 ; gain = 221.547 ; free physical = 4788 ; free virtual = 60519
---------------------------------------------------------------------------------
---------------------------------------------------------------------------------
Finished RTL Optimization Phase 1 : Time (s): cpu = 00:00:04 ; elapsed = 00:00:04 . Memory (MB): peak = 3153.547 ; gain = 221.547 ; free physical = 4787 ; free virtual = 60519
---------------------------------------------------------------------------------
Netlist sorting complete. Time (s): cpu = 00:00:00 ; elapsed = 00:00:00 . Memory (MB): peak = 3161.484 ; gain = 0.000 ; free physical = 4786 ; free virtual = 60518
INFO: [Netlist 29-17] Analyzing 13 Unisim elements for replacement
INFO: [Netlist 29-28] Unisim Transformation completed in 0 CPU seconds
INFO: [Project 1-570] Preparing netlist for logic optimization

Processing XDC Constraints
Initializing timing engine
Parsing XDC File [/home/mklab/workspace/KRIA-Motor-Control/vivado/output/temp/vv/k26_foc.gen/sources_1/bd/design_1/ip/design_1_proc_sys_reset_6_0/design_1_proc_sys_reset_6_0_ooc.xdc] for cell 'U0'
Finished Parsing XDC File [/home/mklab/workspace/KRIA-Motor-Control/vivado/output/temp/vv/k26_foc.gen/sources_1/bd/design_1/ip/design_1_proc_sys_reset_6_0/design_1_proc_sys_reset_6_0_ooc.xdc] for cell 'U0'
Parsing XDC File [/home/mklab/workspace/KRIA-Motor-Control/vivado/output/temp/vv/k26_foc.gen/sources_1/bd/design_1/ip/design_1_proc_sys_reset_6_0/design_1_proc_sys_reset_6_0_board.xdc] for cell 'U0'
Finished Parsing XDC File [/home/mklab/workspace/KRIA-Motor-Control/vivado/output/temp/vv/k26_foc.gen/sources_1/bd/design_1/ip/design_1_proc_sys_reset_6_0/design_1_proc_sys_reset_6_0_board.xdc] for cell 'U0'
Parsing XDC File [/home/mklab/workspace/KRIA-Motor-Control/vivado/output/temp/vv/k26_foc.gen/sources_1/bd/design_1/ip/design_1_proc_sys_reset_6_0/design_1_proc_sys_reset_6_0.xdc] for cell 'U0'
Finished Parsing XDC File [/home/mklab/workspace/KRIA-Motor-Control/vivado/output/temp/vv/k26_foc.gen/sources_1/bd/design_1/ip/design_1_proc_sys_reset_6_0/design_1_proc_sys_reset_6_0.xdc] for cell 'U0'
Parsing XDC File [/home/mklab/workspace/KRIA-Motor-Control/vivado/output/temp/vv/k26_foc.runs/design_1_proc_sys_reset_6_0_synth_1/dont_touch.xdc]
Finished Parsing XDC File [/home/mklab/workspace/KRIA-Motor-Control/vivado/output/temp/vv/k26_foc.runs/design_1_proc_sys_reset_6_0_synth_1/dont_touch.xdc]
Completed Processing XDC Constraints

Netlist sorting complete. Time (s): cpu = 00:00:00 ; elapsed = 00:00:00 . Memory (MB): peak = 3330.234 ; gain = 0.000 ; free physical = 4732 ; free virtual = 60464
INFO: [Project 1-111] Unisim Transformation Summary:
  A total of 13 instances were transformed.
  FDR => FDRE: 12 instances
  SRL16 => SRL16E: 1 instance 

Constraint Validation Runtime : Time (s): cpu = 00:00:00.01 ; elapsed = 00:00:00.01 . Memory (MB): peak = 3330.234 ; gain = 0.000 ; free physical = 4732 ; free virtual = 60464
---------------------------------------------------------------------------------
Finished Constraint Validation : Time (s): cpu = 00:00:10 ; elapsed = 00:00:11 . Memory (MB): peak = 3330.234 ; gain = 398.234 ; free physical = 4795 ; free virtual = 60527
---------------------------------------------------------------------------------
---------------------------------------------------------------------------------
Start Loading Part and Timing Information
---------------------------------------------------------------------------------
Loading part: xck26-sfvc784-2LV-c
INFO: [Synth 8-6742] Reading net delay rules and data
---------------------------------------------------------------------------------
Finished Loading Part and Timing Information : Time (s): cpu = 00:00:10 ; elapsed = 00:00:11 . Memory (MB): peak = 3330.234 ; gain = 398.234 ; free physical = 4795 ; free virtual = 60527
---------------------------------------------------------------------------------
---------------------------------------------------------------------------------
Start Applying 'set_property' XDC Constraints
---------------------------------------------------------------------------------
Applied set_property KEEP_HIERARCHY = SOFT for U0. (constraint file  /home/mklab/workspace/KRIA-Motor-Control/vivado/output/temp/vv/k26_foc.runs/design_1_proc_sys_reset_6_0_synth_1/dont_touch.xdc, line 9).
---------------------------------------------------------------------------------
Finished applying 'set_property' XDC Constraints : Time (s): cpu = 00:00:10 ; elapsed = 00:00:11 . Memory (MB): peak = 3330.234 ; gain = 398.234 ; free physical = 4799 ; free virtual = 60531
---------------------------------------------------------------------------------
---------------------------------------------------------------------------------
Finished RTL Optimization Phase 2 : Time (s): cpu = 00:00:11 ; elapsed = 00:00:11 . Memory (MB): peak = 3330.234 ; gain = 398.234 ; free physical = 4796 ; free virtual = 60529
---------------------------------------------------------------------------------
---------------------------------------------------------------------------------
Start RTL Component Statistics 
---------------------------------------------------------------------------------
Detailed RTL Component Info : 
+---Adders : 
	   2 Input    6 Bit       Adders := 1     
+---Registers : 
	                6 Bit    Registers := 1     
	                3 Bit    Registers := 3     
	                1 Bit    Registers := 8     
+---Muxes : 
	   2 Input    6 Bit        Muxes := 1     
	   2 Input    1 Bit        Muxes := 1     
---------------------------------------------------------------------------------
Finished RTL Component Statistics 
---------------------------------------------------------------------------------
---------------------------------------------------------------------------------
Start Part Resource Summary
---------------------------------------------------------------------------------
Part Resources:
DSPs: 1248 (col length:96)
BRAMs: 288 (col length: RAMB18 96 RAMB36 48)
---------------------------------------------------------------------------------
Finished Part Resource Summary
---------------------------------------------------------------------------------
---------------------------------------------------------------------------------
Start Cross Boundary and Area Optimization
---------------------------------------------------------------------------------
WARNING: [Synth 8-7080] Parallel synthesis criteria is not met
WARNING: [Synth 8-3332] Sequential element (EXT_LPF/ACTIVE_LOW_EXT.ACT_LO_EXT/GENERATE_LEVEL_P_S_CDC.SINGLE_BIT.CROSS_PLEVEL_IN2SCNDRY_s_level_out_d5) is unused and will be removed from module proc_sys_reset.
WARNING: [Synth 8-3332] Sequential element (EXT_LPF/ACTIVE_LOW_EXT.ACT_LO_EXT/GENERATE_LEVEL_P_S_CDC.SINGLE_BIT.CROSS_PLEVEL_IN2SCNDRY_s_level_out_d6) is unused and will be removed from module proc_sys_reset.
WARNING: [Synth 8-3332] Sequential element (EXT_LPF/ACTIVE_LOW_AUX.ACT_LO_AUX/GENERATE_LEVEL_P_S_CDC.SINGLE_BIT.CROSS_PLEVEL_IN2SCNDRY_s_level_out_d5) is unused and will be removed from module proc_sys_reset.
WARNING: [Synth 8-3332] Sequential element (EXT_LPF/ACTIVE_LOW_AUX.ACT_LO_AUX/GENERATE_LEVEL_P_S_CDC.SINGLE_BIT.CROSS_PLEVEL_IN2SCNDRY_s_level_out_d6) is unused and will be removed from module proc_sys_reset.
---------------------------------------------------------------------------------
Finished Cross Boundary and Area Optimization : Time (s): cpu = 00:00:12 ; elapsed = 00:00:12 . Memory (MB): peak = 3330.234 ; gain = 398.234 ; free physical = 4778 ; free virtual = 60514
---------------------------------------------------------------------------------
---------------------------------------------------------------------------------
Start Applying XDC Timing Constraints
---------------------------------------------------------------------------------
---------------------------------------------------------------------------------
Finished Applying XDC Timing Constraints : Time (s): cpu = 00:00:18 ; elapsed = 00:00:20 . Memory (MB): peak = 3678.812 ; gain = 746.812 ; free physical = 4213 ; free virtual = 59949
---------------------------------------------------------------------------------
---------------------------------------------------------------------------------
Start Timing Optimization
---------------------------------------------------------------------------------
---------------------------------------------------------------------------------
Finished Timing Optimization : Time (s): cpu = 00:00:18 ; elapsed = 00:00:20 . Memory (MB): peak = 3678.812 ; gain = 746.812 ; free physical = 4213 ; free virtual = 59949
---------------------------------------------------------------------------------
---------------------------------------------------------------------------------
Start Technology Mapping
---------------------------------------------------------------------------------
---------------------------------------------------------------------------------
Finished Technology Mapping : Time (s): cpu = 00:00:18 ; elapsed = 00:00:20 . Memory (MB): peak = 3706.859 ; gain = 774.859 ; free physical = 4206 ; free virtual = 59942
---------------------------------------------------------------------------------
---------------------------------------------------------------------------------
Start IO Insertion
---------------------------------------------------------------------------------
---------------------------------------------------------------------------------
Start Flattening Before IO Insertion
---------------------------------------------------------------------------------
---------------------------------------------------------------------------------
Finished Flattening Before IO Insertion
---------------------------------------------------------------------------------
---------------------------------------------------------------------------------
Start Final Netlist Cleanup
---------------------------------------------------------------------------------
---------------------------------------------------------------------------------
Finished Final Netlist Cleanup
---------------------------------------------------------------------------------
---------------------------------------------------------------------------------
Finished IO Insertion : Time (s): cpu = 00:00:21 ; elapsed = 00:00:23 . Memory (MB): peak = 3706.859 ; gain = 774.859 ; free physical = 4206 ; free virtual = 59942
---------------------------------------------------------------------------------
---------------------------------------------------------------------------------
Start Renaming Generated Instances
---------------------------------------------------------------------------------
---------------------------------------------------------------------------------
Finished Renaming Generated Instances : Time (s): cpu = 00:00:21 ; elapsed = 00:00:23 . Memory (MB): peak = 3706.859 ; gain = 774.859 ; free physical = 4206 ; free virtual = 59942
---------------------------------------------------------------------------------
---------------------------------------------------------------------------------
Start Rebuilding User Hierarchy
---------------------------------------------------------------------------------
---------------------------------------------------------------------------------
Finished Rebuilding User Hierarchy : Time (s): cpu = 00:00:21 ; elapsed = 00:00:23 . Memory (MB): peak = 3706.859 ; gain = 774.859 ; free physical = 4206 ; free virtual = 59942
---------------------------------------------------------------------------------
---------------------------------------------------------------------------------
Start Renaming Generated Ports
---------------------------------------------------------------------------------
---------------------------------------------------------------------------------
Finished Renaming Generated Ports : Time (s): cpu = 00:00:21 ; elapsed = 00:00:23 . Memory (MB): peak = 3706.859 ; gain = 774.859 ; free physical = 4206 ; free virtual = 59942
---------------------------------------------------------------------------------
---------------------------------------------------------------------------------
Start Handling Custom Attributes
---------------------------------------------------------------------------------
---------------------------------------------------------------------------------
Finished Handling Custom Attributes : Time (s): cpu = 00:00:21 ; elapsed = 00:00:23 . Memory (MB): peak = 3706.859 ; gain = 774.859 ; free physical = 4206 ; free virtual = 59942
---------------------------------------------------------------------------------
---------------------------------------------------------------------------------
Start Renaming Generated Nets
---------------------------------------------------------------------------------
---------------------------------------------------------------------------------
Finished Renaming Generated Nets : Time (s): cpu = 00:00:21 ; elapsed = 00:00:23 . Memory (MB): peak = 3706.859 ; gain = 774.859 ; free physical = 4206 ; free virtual = 59942
---------------------------------------------------------------------------------
---------------------------------------------------------------------------------
Start Writing Synthesis Report
---------------------------------------------------------------------------------

Report BlackBoxes: 
+-+--------------+----------+
| |BlackBox name |Instances |
+-+--------------+----------+
+-+--------------+----------+

Report Cell Usage: 
+------+------+------+
|      |Cell  |Count |
+------+------+------+
|1     |LUT1  |     5|
|2     |LUT2  |     9|
|3     |LUT3  |     1|
|4     |LUT4  |     6|
|5     |LUT5  |     3|
|6     |LUT6  |     1|
|7     |SRL16 |     1|
|8     |FDR   |     8|
|9     |FDRE  |    28|
|10    |FDSE  |     4|
+------+------+------+
---------------------------------------------------------------------------------
Finished Writing Synthesis Report : Time (s): cpu = 00:00:21 ; elapsed = 00:00:23 . Memory (MB): peak = 3706.859 ; gain = 774.859 ; free physical = 4206 ; free virtual = 59942
---------------------------------------------------------------------------------
Synthesis finished with 0 errors, 0 critical warnings and 5 warnings.
Synthesis Optimization Runtime : Time (s): cpu = 00:00:17 ; elapsed = 00:00:19 . Memory (MB): peak = 3706.859 ; gain = 598.172 ; free physical = 4242 ; free virtual = 59978
Synthesis Optimization Complete : Time (s): cpu = 00:00:21 ; elapsed = 00:00:23 . Memory (MB): peak = 3706.867 ; gain = 774.859 ; free physical = 4242 ; free virtual = 59978
INFO: [Project 1-571] Translating synthesized netlist
Netlist sorting complete. Time (s): cpu = 00:00:00 ; elapsed = 00:00:00 . Memory (MB): peak = 3706.867 ; gain = 0.000 ; free physical = 4239 ; free virtual = 59976
INFO: [Netlist 29-17] Analyzing 9 Unisim elements for replacement
INFO: [Netlist 29-28] Unisim Transformation completed in 0 CPU seconds
INFO: [Project 1-570] Preparing netlist for logic optimization
INFO: [Opt 31-138] Pushed 0 inverter(s) to 0 load pin(s).
Netlist sorting complete. Time (s): cpu = 00:00:00 ; elapsed = 00:00:00 . Memory (MB): peak = 3770.562 ; gain = 0.000 ; free physical = 4267 ; free virtual = 60003
INFO: [Project 1-111] Unisim Transformation Summary:
  A total of 9 instances were transformed.
  FDR => FDRE: 8 instances
  SRL16 => SRL16E: 1 instance 

Synth Design complete, checksum: a6ca0600
INFO: [Common 17-83] Releasing license: Synthesis
47 Infos, 10 Warnings, 0 Critical Warnings and 0 Errors encountered.
synth_design completed successfully
synth_design: Time (s): cpu = 00:00:29 ; elapsed = 00:00:28 . Memory (MB): peak = 3770.562 ; gain = 924.562 ; free physical = 4463 ; free virtual = 60199
INFO: [Common 17-1381] The checkpoint '/home/mklab/workspace/KRIA-Motor-Control/vivado/output/temp/vv/k26_foc.runs/design_1_proc_sys_reset_6_0_synth_1/design_1_proc_sys_reset_6_0.dcp' has been generated.
INFO: [Coretcl 2-1648] Added synthesis output to IP cache for IP design_1_proc_sys_reset_6_0, cache-ID = a09b66b00ae30b10
INFO: [Coretcl 2-1174] Renamed 6 cell refs.
INFO: [Common 17-1381] The checkpoint '/home/mklab/workspace/KRIA-Motor-Control/vivado/output/temp/vv/k26_foc.runs/design_1_proc_sys_reset_6_0_synth_1/design_1_proc_sys_reset_6_0.dcp' has been generated.
INFO: [runtcl-4] Executing : report_utilization -file design_1_proc_sys_reset_6_0_utilization_synth.rpt -pb design_1_proc_sys_reset_6_0_utilization_synth.pb
INFO: [Common 17-206] Exiting Vivado at Mon Oct 31 14:27:09 2022...
