
*** Running vivado
    with args -log design_1_clk_mux_0_0.vds -m64 -product Vivado -mode batch -messageDb vivado.pb -notrace -source design_1_clk_mux_0_0.tcl


****** Vivado v2021.2 (64-bit)
  **** SW Build 3367213 on Tue Oct 19 02:47:39 MDT 2021
  **** IP Build 3369179 on Thu Oct 21 08:25:16 MDT 2021
    ** Copyright 1986-2021 Xilinx, Inc. All Rights Reserved.

Sourcing tcl script '/home/mklab/.Xilinx/Vivado/Vivado_init.tcl'
58 Beta devices matching pattern found, 0 enabled.
source design_1_clk_mux_0_0.tcl -notrace
INFO: [IP_Flow 19-234] Refreshing IP repositories
INFO: [IP_Flow 19-1700] Loaded user IP repository '/home/mklab/workspace/KRIA-Motor-Control/vivado/src/ipRepo'.
INFO: [IP_Flow 19-2313] Loaded Vivado IP repository '/home/mklab/Xilinx/Vivado/2021.2/data/ip'.
Command: synth_design -top design_1_clk_mux_0_0 -part xck26-sfvc784-2LV-c -mode out_of_context
Starting synth_design
Attempting to get a license for feature 'Synthesis' and/or device 'xck26'
INFO: [Common 17-349] Got license for feature 'Synthesis' and/or device 'xck26'
INFO: [Device 21-403] Loading part xck26-sfvc784-2LV-c
INFO: [Synth 8-7079] Multithreading enabled for synth_design using a maximum of 4 processes.
INFO: [Synth 8-7078] Launching helper process for spawning children vivado processes
INFO: [Synth 8-7075] Helper process launched with PID 9958
---------------------------------------------------------------------------------
Starting RTL Elaboration : Time (s): cpu = 00:00:03 ; elapsed = 00:00:03 . Memory (MB): peak = 3077.793 ; gain = 145.797 ; free physical = 4111 ; free virtual = 59854
---------------------------------------------------------------------------------
INFO: [Synth 8-638] synthesizing module 'design_1_clk_mux_0_0' [/home/mklab/workspace/KRIA-Motor-Control/vivado/output/temp/vv/k26_foc.gen/sources_1/bd/design_1/ip/design_1_clk_mux_0_0/synth/design_1_clk_mux_0_0.vhd:65]
	Parameter C_IDLE_VAL bound to: 0 - type: integer 
INFO: [Synth 8-3491] module 'clk_mux' declared at '/home/mklab/workspace/KRIA-Motor-Control/vivado/output/temp/vv/k26_foc.gen/sources_1/bd/design_1/ipshared/c902/hdl/clk_mux.vhd:34' bound to instance 'U0' of component 'clk_mux' [/home/mklab/workspace/KRIA-Motor-Control/vivado/output/temp/vv/k26_foc.gen/sources_1/bd/design_1/ip/design_1_clk_mux_0_0/synth/design_1_clk_mux_0_0.vhd:86]
INFO: [Synth 8-638] synthesizing module 'clk_mux' [/home/mklab/workspace/KRIA-Motor-Control/vivado/output/temp/vv/k26_foc.gen/sources_1/bd/design_1/ipshared/c902/hdl/clk_mux.vhd:50]
INFO: [Synth 8-113] binding component instance 'BUFGMUX_inst' to cell 'BUFGMUX' [/home/mklab/workspace/KRIA-Motor-Control/vivado/output/temp/vv/k26_foc.gen/sources_1/bd/design_1/ipshared/c902/hdl/clk_mux.vhd:59]
INFO: [Synth 8-256] done synthesizing module 'clk_mux' (1#1) [/home/mklab/workspace/KRIA-Motor-Control/vivado/output/temp/vv/k26_foc.gen/sources_1/bd/design_1/ipshared/c902/hdl/clk_mux.vhd:50]
INFO: [Synth 8-256] done synthesizing module 'design_1_clk_mux_0_0' (2#1) [/home/mklab/workspace/KRIA-Motor-Control/vivado/output/temp/vv/k26_foc.gen/sources_1/bd/design_1/ip/design_1_clk_mux_0_0/synth/design_1_clk_mux_0_0.vhd:65]
---------------------------------------------------------------------------------
Finished RTL Elaboration : Time (s): cpu = 00:00:03 ; elapsed = 00:00:03 . Memory (MB): peak = 3134.730 ; gain = 202.734 ; free physical = 3875 ; free virtual = 59619
---------------------------------------------------------------------------------
---------------------------------------------------------------------------------
Start Handling Custom Attributes
---------------------------------------------------------------------------------
---------------------------------------------------------------------------------
Finished Handling Custom Attributes : Time (s): cpu = 00:00:04 ; elapsed = 00:00:04 . Memory (MB): peak = 3152.543 ; gain = 220.547 ; free physical = 3869 ; free virtual = 59613
---------------------------------------------------------------------------------
---------------------------------------------------------------------------------
Finished RTL Optimization Phase 1 : Time (s): cpu = 00:00:04 ; elapsed = 00:00:04 . Memory (MB): peak = 3152.543 ; gain = 220.547 ; free physical = 3869 ; free virtual = 59613
---------------------------------------------------------------------------------
Netlist sorting complete. Time (s): cpu = 00:00:00 ; elapsed = 00:00:00 . Memory (MB): peak = 3162.449 ; gain = 0.000 ; free physical = 4752 ; free virtual = 60496
INFO: [Netlist 29-17] Analyzing 1 Unisim elements for replacement
INFO: [Netlist 29-28] Unisim Transformation completed in 0 CPU seconds
INFO: [Project 1-570] Preparing netlist for logic optimization

Processing XDC Constraints
Initializing timing engine
Completed Processing XDC Constraints

Netlist sorting complete. Time (s): cpu = 00:00:00 ; elapsed = 00:00:00 . Memory (MB): peak = 3235.387 ; gain = 0.000 ; free physical = 4738 ; free virtual = 60481
INFO: [Project 1-111] Unisim Transformation Summary:
  A total of 1 instances were transformed.
  BUFGMUX => BUFGCTRL (inverted pins: CE0): 1 instance 

Constraint Validation Runtime : Time (s): cpu = 00:00:00.01 ; elapsed = 00:00:00.01 . Memory (MB): peak = 3248.262 ; gain = 12.875 ; free physical = 4738 ; free virtual = 60481
---------------------------------------------------------------------------------
Finished Constraint Validation : Time (s): cpu = 00:00:07 ; elapsed = 00:00:08 . Memory (MB): peak = 3248.262 ; gain = 316.266 ; free physical = 4786 ; free virtual = 60530
---------------------------------------------------------------------------------
---------------------------------------------------------------------------------
Start Loading Part and Timing Information
---------------------------------------------------------------------------------
Loading part: xck26-sfvc784-2LV-c
INFO: [Synth 8-6742] Reading net delay rules and data
---------------------------------------------------------------------------------
Finished Loading Part and Timing Information : Time (s): cpu = 00:00:07 ; elapsed = 00:00:08 . Memory (MB): peak = 3248.262 ; gain = 316.266 ; free physical = 4786 ; free virtual = 60530
---------------------------------------------------------------------------------
---------------------------------------------------------------------------------
Start Applying 'set_property' XDC Constraints
---------------------------------------------------------------------------------
---------------------------------------------------------------------------------
Finished applying 'set_property' XDC Constraints : Time (s): cpu = 00:00:07 ; elapsed = 00:00:08 . Memory (MB): peak = 3248.262 ; gain = 316.266 ; free physical = 4786 ; free virtual = 60530
---------------------------------------------------------------------------------
---------------------------------------------------------------------------------
Finished RTL Optimization Phase 2 : Time (s): cpu = 00:00:07 ; elapsed = 00:00:08 . Memory (MB): peak = 3248.262 ; gain = 316.266 ; free physical = 4788 ; free virtual = 60533
---------------------------------------------------------------------------------
---------------------------------------------------------------------------------
Start RTL Component Statistics 
---------------------------------------------------------------------------------
Detailed RTL Component Info : 
---------------------------------------------------------------------------------
Finished RTL Component Statistics 
---------------------------------------------------------------------------------
---------------------------------------------------------------------------------
Start Part Resource Summary
---------------------------------------------------------------------------------
Part Resources:
DSPs: 1248 (col length:96)
BRAMs: 288 (col length: RAMB18 96 RAMB36 48)
---------------------------------------------------------------------------------
Finished Part Resource Summary
---------------------------------------------------------------------------------
---------------------------------------------------------------------------------
Start Cross Boundary and Area Optimization
---------------------------------------------------------------------------------
WARNING: [Synth 8-7080] Parallel synthesis criteria is not met
---------------------------------------------------------------------------------
Finished Cross Boundary and Area Optimization : Time (s): cpu = 00:00:08 ; elapsed = 00:00:09 . Memory (MB): peak = 3248.262 ; gain = 316.266 ; free physical = 4787 ; free virtual = 60535
---------------------------------------------------------------------------------
---------------------------------------------------------------------------------
Start Applying XDC Timing Constraints
---------------------------------------------------------------------------------
---------------------------------------------------------------------------------
Finished Applying XDC Timing Constraints : Time (s): cpu = 00:00:15 ; elapsed = 00:00:16 . Memory (MB): peak = 3655.957 ; gain = 723.961 ; free physical = 4218 ; free virtual = 59966
---------------------------------------------------------------------------------
---------------------------------------------------------------------------------
Start Timing Optimization
---------------------------------------------------------------------------------
---------------------------------------------------------------------------------
Finished Timing Optimization : Time (s): cpu = 00:00:15 ; elapsed = 00:00:16 . Memory (MB): peak = 3655.957 ; gain = 723.961 ; free physical = 4218 ; free virtual = 59966
---------------------------------------------------------------------------------
---------------------------------------------------------------------------------
Start Technology Mapping
---------------------------------------------------------------------------------
---------------------------------------------------------------------------------
Finished Technology Mapping : Time (s): cpu = 00:00:15 ; elapsed = 00:00:16 . Memory (MB): peak = 3674.988 ; gain = 742.992 ; free physical = 4212 ; free virtual = 59961
---------------------------------------------------------------------------------
---------------------------------------------------------------------------------
Start IO Insertion
---------------------------------------------------------------------------------
---------------------------------------------------------------------------------
Start Flattening Before IO Insertion
---------------------------------------------------------------------------------
---------------------------------------------------------------------------------
Finished Flattening Before IO Insertion
---------------------------------------------------------------------------------
---------------------------------------------------------------------------------
Start Final Netlist Cleanup
---------------------------------------------------------------------------------
---------------------------------------------------------------------------------
Finished Final Netlist Cleanup
---------------------------------------------------------------------------------
---------------------------------------------------------------------------------
Finished IO Insertion : Time (s): cpu = 00:00:18 ; elapsed = 00:00:19 . Memory (MB): peak = 3680.926 ; gain = 748.930 ; free physical = 4213 ; free virtual = 59961
---------------------------------------------------------------------------------
---------------------------------------------------------------------------------
Start Renaming Generated Instances
---------------------------------------------------------------------------------
---------------------------------------------------------------------------------
Finished Renaming Generated Instances : Time (s): cpu = 00:00:18 ; elapsed = 00:00:19 . Memory (MB): peak = 3680.926 ; gain = 748.930 ; free physical = 4213 ; free virtual = 59961
---------------------------------------------------------------------------------
---------------------------------------------------------------------------------
Start Rebuilding User Hierarchy
---------------------------------------------------------------------------------
---------------------------------------------------------------------------------
Finished Rebuilding User Hierarchy : Time (s): cpu = 00:00:18 ; elapsed = 00:00:19 . Memory (MB): peak = 3680.926 ; gain = 748.930 ; free physical = 4213 ; free virtual = 59961
---------------------------------------------------------------------------------
---------------------------------------------------------------------------------
Start Renaming Generated Ports
---------------------------------------------------------------------------------
---------------------------------------------------------------------------------
Finished Renaming Generated Ports : Time (s): cpu = 00:00:18 ; elapsed = 00:00:19 . Memory (MB): peak = 3680.926 ; gain = 748.930 ; free physical = 4213 ; free virtual = 59961
---------------------------------------------------------------------------------
---------------------------------------------------------------------------------
Start Handling Custom Attributes
---------------------------------------------------------------------------------
---------------------------------------------------------------------------------
Finished Handling Custom Attributes : Time (s): cpu = 00:00:18 ; elapsed = 00:00:19 . Memory (MB): peak = 3680.926 ; gain = 748.930 ; free physical = 4213 ; free virtual = 59961
---------------------------------------------------------------------------------
---------------------------------------------------------------------------------
Start Renaming Generated Nets
---------------------------------------------------------------------------------
---------------------------------------------------------------------------------
Finished Renaming Generated Nets : Time (s): cpu = 00:00:18 ; elapsed = 00:00:19 . Memory (MB): peak = 3680.926 ; gain = 748.930 ; free physical = 4213 ; free virtual = 59961
---------------------------------------------------------------------------------
---------------------------------------------------------------------------------
Start Writing Synthesis Report
---------------------------------------------------------------------------------

Report BlackBoxes: 
+-+--------------+----------+
| |BlackBox name |Instances |
+-+--------------+----------+
+-+--------------+----------+

Report Cell Usage: 
+------+--------+------+
|      |Cell    |Count |
+------+--------+------+
|1     |BUFGMUX |     1|
+------+--------+------+
---------------------------------------------------------------------------------
Finished Writing Synthesis Report : Time (s): cpu = 00:00:18 ; elapsed = 00:00:19 . Memory (MB): peak = 3680.926 ; gain = 748.930 ; free physical = 4213 ; free virtual = 59961
---------------------------------------------------------------------------------
Synthesis finished with 0 errors, 0 critical warnings and 1 warnings.
Synthesis Optimization Runtime : Time (s): cpu = 00:00:17 ; elapsed = 00:00:18 . Memory (MB): peak = 3680.926 ; gain = 653.211 ; free physical = 4251 ; free virtual = 59999
Synthesis Optimization Complete : Time (s): cpu = 00:00:18 ; elapsed = 00:00:20 . Memory (MB): peak = 3680.934 ; gain = 748.930 ; free physical = 4251 ; free virtual = 59999
INFO: [Project 1-571] Translating synthesized netlist
Netlist sorting complete. Time (s): cpu = 00:00:00 ; elapsed = 00:00:00 . Memory (MB): peak = 3680.934 ; gain = 0.000 ; free physical = 4247 ; free virtual = 59995
INFO: [Netlist 29-17] Analyzing 1 Unisim elements for replacement
INFO: [Netlist 29-28] Unisim Transformation completed in 0 CPU seconds
INFO: [Project 1-570] Preparing netlist for logic optimization
INFO: [Opt 31-138] Pushed 0 inverter(s) to 0 load pin(s).
Netlist sorting complete. Time (s): cpu = 00:00:00 ; elapsed = 00:00:00.01 . Memory (MB): peak = 3718.582 ; gain = 0.000 ; free physical = 4266 ; free virtual = 60014
INFO: [Project 1-111] Unisim Transformation Summary:
  A total of 1 instances were transformed.
  BUFGMUX => BUFGCTRL (inverted pins: CE0): 1 instance 

Synth Design complete, checksum: 723f7930
INFO: [Common 17-83] Releasing license: Synthesis
26 Infos, 1 Warnings, 0 Critical Warnings and 0 Errors encountered.
synth_design completed successfully
synth_design: Time (s): cpu = 00:00:26 ; elapsed = 00:00:24 . Memory (MB): peak = 3718.582 ; gain = 872.586 ; free physical = 4458 ; free virtual = 60206
INFO: [Common 17-1381] The checkpoint '/home/mklab/workspace/KRIA-Motor-Control/vivado/output/temp/vv/k26_foc.runs/design_1_clk_mux_0_0_synth_1/design_1_clk_mux_0_0.dcp' has been generated.
INFO: [Coretcl 2-1648] Added synthesis output to IP cache for IP design_1_clk_mux_0_0, cache-ID = 66315f878d7ffc21
INFO: [Common 17-1381] The checkpoint '/home/mklab/workspace/KRIA-Motor-Control/vivado/output/temp/vv/k26_foc.runs/design_1_clk_mux_0_0_synth_1/design_1_clk_mux_0_0.dcp' has been generated.
INFO: [runtcl-4] Executing : report_utilization -file design_1_clk_mux_0_0_utilization_synth.rpt -pb design_1_clk_mux_0_0_utilization_synth.pb
INFO: [Common 17-206] Exiting Vivado at Mon Oct 31 14:30:52 2022...
