
*** Running vivado
    with args -log design_1_rx_fifo_0.vds -m64 -product Vivado -mode batch -messageDb vivado.pb -notrace -source design_1_rx_fifo_0.tcl


****** Vivado v2021.2 (64-bit)
  **** SW Build 3367213 on Tue Oct 19 02:47:39 MDT 2021
  **** IP Build 3369179 on Thu Oct 21 08:25:16 MDT 2021
    ** Copyright 1986-2021 Xilinx, Inc. All Rights Reserved.

Sourcing tcl script '/home/mklab/.Xilinx/Vivado/Vivado_init.tcl'
58 Beta devices matching pattern found, 0 enabled.
enable_beta_device: Time (s): cpu = 00:00:06 ; elapsed = 00:00:07 . Memory (MB): peak = 2820.547 ; gain = 0.426 ; free physical = 6512 ; free virtual = 56108
source design_1_rx_fifo_0.tcl -notrace
INFO: [IP_Flow 19-234] Refreshing IP repositories
INFO: [IP_Flow 19-1700] Loaded user IP repository '/home/mklab/workspace/iiot-eddp/Vitis/zcu104_foc_pkg/vivado/src/ipRepo'.
INFO: [IP_Flow 19-2313] Loaded Vivado IP repository '/home/mklab/Xilinx/Vivado/2021.2/data/ip'.
Command: synth_design -top design_1_rx_fifo_0 -part xczu7ev-ffvc1156-2-e -mode out_of_context
Starting synth_design
Attempting to get a license for feature 'Synthesis' and/or device 'xczu7ev'
INFO: [Common 17-349] Got license for feature 'Synthesis' and/or device 'xczu7ev'
INFO: [Device 21-403] Loading part xczu7ev-ffvc1156-2-e
INFO: [Synth 8-7079] Multithreading enabled for synth_design using a maximum of 4 processes.
INFO: [Synth 8-7078] Launching helper process for spawning children vivado processes
INFO: [Synth 8-7075] Helper process launched with PID 22358
---------------------------------------------------------------------------------
Starting RTL Elaboration : Time (s): cpu = 00:00:04 ; elapsed = 00:00:43 . Memory (MB): peak = 3217.105 ; gain = 156.797 ; free physical = 159 ; free virtual = 41246
---------------------------------------------------------------------------------
INFO: [Synth 8-6157] synthesizing module 'design_1_rx_fifo_0' [/home/mklab/workspace/iiot-eddp/Vitis/zcu104_foc_pkg/vivado/output/temp/vv/k26_foc.gen/sources_1/bd/design_1/ip/design_1_rx_fifo_0/synth/design_1_rx_fifo_0.v:58]
INFO: [Synth 8-6157] synthesizing module 'axis_data_fifo_v2_0_7_top' [/home/mklab/workspace/iiot-eddp/Vitis/zcu104_foc_pkg/vivado/output/temp/vv/k26_foc.gen/sources_1/bd/design_1/ipshared/4852/hdl/axis_data_fifo_v2_0_vl_rfs.v:54]
INFO: [Synth 8-6157] synthesizing module 'axis_infrastructure_v1_1_0_util_aclken_converter_wrapper' [/home/mklab/workspace/iiot-eddp/Vitis/zcu104_foc_pkg/vivado/output/temp/vv/k26_foc.gen/sources_1/bd/design_1/ipshared/8713/hdl/axis_infrastructure_v1_1_vl_rfs.v:600]
INFO: [Synth 8-6157] synthesizing module 'axis_infrastructure_v1_1_0_util_axis2vector' [/home/mklab/workspace/iiot-eddp/Vitis/zcu104_foc_pkg/vivado/output/temp/vv/k26_foc.gen/sources_1/bd/design_1/ipshared/8713/hdl/axis_infrastructure_v1_1_vl_rfs.v:810]
INFO: [Synth 8-6155] done synthesizing module 'axis_infrastructure_v1_1_0_util_axis2vector' (1#1) [/home/mklab/workspace/iiot-eddp/Vitis/zcu104_foc_pkg/vivado/output/temp/vv/k26_foc.gen/sources_1/bd/design_1/ipshared/8713/hdl/axis_infrastructure_v1_1_vl_rfs.v:810]
INFO: [Synth 8-6157] synthesizing module 'axis_infrastructure_v1_1_0_util_vector2axis' [/home/mklab/workspace/iiot-eddp/Vitis/zcu104_foc_pkg/vivado/output/temp/vv/k26_foc.gen/sources_1/bd/design_1/ipshared/8713/hdl/axis_infrastructure_v1_1_vl_rfs.v:992]
INFO: [Synth 8-6155] done synthesizing module 'axis_infrastructure_v1_1_0_util_vector2axis' (2#1) [/home/mklab/workspace/iiot-eddp/Vitis/zcu104_foc_pkg/vivado/output/temp/vv/k26_foc.gen/sources_1/bd/design_1/ipshared/8713/hdl/axis_infrastructure_v1_1_vl_rfs.v:992]
INFO: [Synth 8-6155] done synthesizing module 'axis_infrastructure_v1_1_0_util_aclken_converter_wrapper' (3#1) [/home/mklab/workspace/iiot-eddp/Vitis/zcu104_foc_pkg/vivado/output/temp/vv/k26_foc.gen/sources_1/bd/design_1/ipshared/8713/hdl/axis_infrastructure_v1_1_vl_rfs.v:600]
INFO: [Synth 8-6157] synthesizing module 'xpm_fifo_axis' [/home/mklab/Xilinx/Vivado/2021.2/data/ip/xpm/xpm_fifo/hdl/xpm_fifo.sv:2343]
INFO: [Synth 8-6157] synthesizing module 'xpm_cdc_sync_rst' [/home/mklab/Xilinx/Vivado/2021.2/data/ip/xpm/xpm_cdc/hdl/xpm_cdc.sv:1059]
INFO: [Synth 8-6155] done synthesizing module 'xpm_cdc_sync_rst' (4#1) [/home/mklab/Xilinx/Vivado/2021.2/data/ip/xpm/xpm_cdc/hdl/xpm_cdc.sv:1059]
INFO: [Synth 8-6157] synthesizing module 'xpm_fifo_base' [/home/mklab/Xilinx/Vivado/2021.2/data/ip/xpm/xpm_fifo/hdl/xpm_fifo.sv:56]
INFO: [Synth 8-6157] synthesizing module 'xpm_memory_base' [/home/mklab/Xilinx/Vivado/2021.2/data/ip/xpm/xpm_memory/hdl/xpm_memory.sv:57]
INFO: [Synth 8-6059] Synth Info: [XPM_MEMORY 20-1] MEMORY_PRIMITIVE (0) instructs Vivado Synthesis to choose the memory primitive type. Depending on their values, other XPM_MEMORY parameters may preclude the choice of certain memory primitive types. Review XPM_MEMORY documentation and parameter values to understand any limitations, or set MEMORY_PRIMITIVE to a different value.   [/home/mklab/Xilinx/Vivado/2021.2/data/ip/xpm/xpm_memory/hdl/xpm_memory.sv:491]
WARNING: [Synth 8-6014] Unused sequential element gen_rd_b.gen_doutb_pipe.enb_pipe_reg[0] was removed.  [/home/mklab/Xilinx/Vivado/2021.2/data/ip/xpm/xpm_memory/hdl/xpm_memory.sv:3015]
INFO: [Synth 8-6155] done synthesizing module 'xpm_memory_base' (5#1) [/home/mklab/Xilinx/Vivado/2021.2/data/ip/xpm/xpm_memory/hdl/xpm_memory.sv:57]
INFO: [Synth 8-226] default block is never used [/home/mklab/Xilinx/Vivado/2021.2/data/ip/xpm/xpm_fifo/hdl/xpm_fifo.sv:1206]
INFO: [Synth 8-226] default block is never used [/home/mklab/Xilinx/Vivado/2021.2/data/ip/xpm/xpm_fifo/hdl/xpm_fifo.sv:1273]
INFO: [Synth 8-226] default block is never used [/home/mklab/Xilinx/Vivado/2021.2/data/ip/xpm/xpm_fifo/hdl/xpm_fifo.sv:1295]
INFO: [Synth 8-6157] synthesizing module 'xpm_fifo_reg_bit' [/home/mklab/Xilinx/Vivado/2021.2/data/ip/xpm/xpm_fifo/hdl/xpm_fifo.sv:1906]
INFO: [Synth 8-6155] done synthesizing module 'xpm_fifo_reg_bit' (6#1) [/home/mklab/Xilinx/Vivado/2021.2/data/ip/xpm/xpm_fifo/hdl/xpm_fifo.sv:1906]
INFO: [Synth 8-6157] synthesizing module 'xpm_counter_updn' [/home/mklab/Xilinx/Vivado/2021.2/data/ip/xpm/xpm_fifo/hdl/xpm_fifo.sv:1858]
INFO: [Synth 8-6155] done synthesizing module 'xpm_counter_updn' (7#1) [/home/mklab/Xilinx/Vivado/2021.2/data/ip/xpm/xpm_fifo/hdl/xpm_fifo.sv:1858]
INFO: [Synth 8-6157] synthesizing module 'xpm_fifo_rst' [/home/mklab/Xilinx/Vivado/2021.2/data/ip/xpm/xpm_fifo/hdl/xpm_fifo.sv:1618]
INFO: [Synth 8-6155] done synthesizing module 'xpm_fifo_rst' (8#1) [/home/mklab/Xilinx/Vivado/2021.2/data/ip/xpm/xpm_fifo/hdl/xpm_fifo.sv:1618]
INFO: [Synth 8-6157] synthesizing module 'xpm_counter_updn__parameterized0' [/home/mklab/Xilinx/Vivado/2021.2/data/ip/xpm/xpm_fifo/hdl/xpm_fifo.sv:1858]
INFO: [Synth 8-6155] done synthesizing module 'xpm_counter_updn__parameterized0' (8#1) [/home/mklab/Xilinx/Vivado/2021.2/data/ip/xpm/xpm_fifo/hdl/xpm_fifo.sv:1858]
INFO: [Synth 8-6157] synthesizing module 'xpm_counter_updn__parameterized1' [/home/mklab/Xilinx/Vivado/2021.2/data/ip/xpm/xpm_fifo/hdl/xpm_fifo.sv:1858]
INFO: [Synth 8-6155] done synthesizing module 'xpm_counter_updn__parameterized1' (8#1) [/home/mklab/Xilinx/Vivado/2021.2/data/ip/xpm/xpm_fifo/hdl/xpm_fifo.sv:1858]
INFO: [Synth 8-6157] synthesizing module 'xpm_counter_updn__parameterized2' [/home/mklab/Xilinx/Vivado/2021.2/data/ip/xpm/xpm_fifo/hdl/xpm_fifo.sv:1858]
INFO: [Synth 8-6155] done synthesizing module 'xpm_counter_updn__parameterized2' (8#1) [/home/mklab/Xilinx/Vivado/2021.2/data/ip/xpm/xpm_fifo/hdl/xpm_fifo.sv:1858]
WARNING: [Synth 8-6014] Unused sequential element gdvld.data_valid_std_reg was removed.  [/home/mklab/Xilinx/Vivado/2021.2/data/ip/xpm/xpm_fifo/hdl/xpm_fifo.sv:537]
WARNING: [Synth 8-6014] Unused sequential element gen_fwft.empty_fwft_fb_reg was removed.  [/home/mklab/Xilinx/Vivado/2021.2/data/ip/xpm/xpm_fifo/hdl/xpm_fifo.sv:1390]
INFO: [Synth 8-6155] done synthesizing module 'xpm_fifo_base' (9#1) [/home/mklab/Xilinx/Vivado/2021.2/data/ip/xpm/xpm_fifo/hdl/xpm_fifo.sv:56]
INFO: [Synth 8-6155] done synthesizing module 'xpm_fifo_axis' (10#1) [/home/mklab/Xilinx/Vivado/2021.2/data/ip/xpm/xpm_fifo/hdl/xpm_fifo.sv:2343]
INFO: [Synth 8-6155] done synthesizing module 'axis_data_fifo_v2_0_7_top' (11#1) [/home/mklab/workspace/iiot-eddp/Vitis/zcu104_foc_pkg/vivado/output/temp/vv/k26_foc.gen/sources_1/bd/design_1/ipshared/4852/hdl/axis_data_fifo_v2_0_vl_rfs.v:54]
INFO: [Synth 8-6155] done synthesizing module 'design_1_rx_fifo_0' (12#1) [/home/mklab/workspace/iiot-eddp/Vitis/zcu104_foc_pkg/vivado/output/temp/vv/k26_foc.gen/sources_1/bd/design_1/ip/design_1_rx_fifo_0/synth/design_1_rx_fifo_0.v:58]
WARNING: [Synth 8-7129] Port ACLK in module axis_infrastructure_v1_1_0_util_aclken_converter_wrapper is either unconnected or has no load
WARNING: [Synth 8-7129] Port ARESETN in module axis_infrastructure_v1_1_0_util_aclken_converter_wrapper is either unconnected or has no load
WARNING: [Synth 8-7129] Port S_ACLKEN in module axis_infrastructure_v1_1_0_util_aclken_converter_wrapper is either unconnected or has no load
WARNING: [Synth 8-7129] Port M_ACLKEN in module axis_infrastructure_v1_1_0_util_aclken_converter_wrapper is either unconnected or has no load
WARNING: [Synth 8-7129] Port rd_clk in module xpm_fifo_rst is either unconnected or has no load
WARNING: [Synth 8-7129] Port sleep in module xpm_memory_base is either unconnected or has no load
WARNING: [Synth 8-7129] Port rsta in module xpm_memory_base is either unconnected or has no load
WARNING: [Synth 8-7129] Port regcea in module xpm_memory_base is either unconnected or has no load
WARNING: [Synth 8-7129] Port injectsbiterra in module xpm_memory_base is either unconnected or has no load
WARNING: [Synth 8-7129] Port injectdbiterra in module xpm_memory_base is either unconnected or has no load
WARNING: [Synth 8-7129] Port clkb in module xpm_memory_base is either unconnected or has no load
WARNING: [Synth 8-7129] Port dinb[103] in module xpm_memory_base is either unconnected or has no load
WARNING: [Synth 8-7129] Port dinb[102] in module xpm_memory_base is either unconnected or has no load
WARNING: [Synth 8-7129] Port dinb[101] in module xpm_memory_base is either unconnected or has no load
WARNING: [Synth 8-7129] Port dinb[100] in module xpm_memory_base is either unconnected or has no load
WARNING: [Synth 8-7129] Port dinb[99] in module xpm_memory_base is either unconnected or has no load
WARNING: [Synth 8-7129] Port dinb[98] in module xpm_memory_base is either unconnected or has no load
WARNING: [Synth 8-7129] Port dinb[97] in module xpm_memory_base is either unconnected or has no load
WARNING: [Synth 8-7129] Port dinb[96] in module xpm_memory_base is either unconnected or has no load
WARNING: [Synth 8-7129] Port dinb[95] in module xpm_memory_base is either unconnected or has no load
WARNING: [Synth 8-7129] Port dinb[94] in module xpm_memory_base is either unconnected or has no load
WARNING: [Synth 8-7129] Port dinb[93] in module xpm_memory_base is either unconnected or has no load
WARNING: [Synth 8-7129] Port dinb[92] in module xpm_memory_base is either unconnected or has no load
WARNING: [Synth 8-7129] Port dinb[91] in module xpm_memory_base is either unconnected or has no load
WARNING: [Synth 8-7129] Port dinb[90] in module xpm_memory_base is either unconnected or has no load
WARNING: [Synth 8-7129] Port dinb[89] in module xpm_memory_base is either unconnected or has no load
WARNING: [Synth 8-7129] Port dinb[88] in module xpm_memory_base is either unconnected or has no load
WARNING: [Synth 8-7129] Port dinb[87] in module xpm_memory_base is either unconnected or has no load
WARNING: [Synth 8-7129] Port dinb[86] in module xpm_memory_base is either unconnected or has no load
WARNING: [Synth 8-7129] Port dinb[85] in module xpm_memory_base is either unconnected or has no load
WARNING: [Synth 8-7129] Port dinb[84] in module xpm_memory_base is either unconnected or has no load
WARNING: [Synth 8-7129] Port dinb[83] in module xpm_memory_base is either unconnected or has no load
WARNING: [Synth 8-7129] Port dinb[82] in module xpm_memory_base is either unconnected or has no load
WARNING: [Synth 8-7129] Port dinb[81] in module xpm_memory_base is either unconnected or has no load
WARNING: [Synth 8-7129] Port dinb[80] in module xpm_memory_base is either unconnected or has no load
WARNING: [Synth 8-7129] Port dinb[79] in module xpm_memory_base is either unconnected or has no load
WARNING: [Synth 8-7129] Port dinb[78] in module xpm_memory_base is either unconnected or has no load
WARNING: [Synth 8-7129] Port dinb[77] in module xpm_memory_base is either unconnected or has no load
WARNING: [Synth 8-7129] Port dinb[76] in module xpm_memory_base is either unconnected or has no load
WARNING: [Synth 8-7129] Port dinb[75] in module xpm_memory_base is either unconnected or has no load
WARNING: [Synth 8-7129] Port dinb[74] in module xpm_memory_base is either unconnected or has no load
WARNING: [Synth 8-7129] Port dinb[73] in module xpm_memory_base is either unconnected or has no load
WARNING: [Synth 8-7129] Port dinb[72] in module xpm_memory_base is either unconnected or has no load
WARNING: [Synth 8-7129] Port dinb[71] in module xpm_memory_base is either unconnected or has no load
WARNING: [Synth 8-7129] Port dinb[70] in module xpm_memory_base is either unconnected or has no load
WARNING: [Synth 8-7129] Port dinb[69] in module xpm_memory_base is either unconnected or has no load
WARNING: [Synth 8-7129] Port dinb[68] in module xpm_memory_base is either unconnected or has no load
WARNING: [Synth 8-7129] Port dinb[67] in module xpm_memory_base is either unconnected or has no load
WARNING: [Synth 8-7129] Port dinb[66] in module xpm_memory_base is either unconnected or has no load
WARNING: [Synth 8-7129] Port dinb[65] in module xpm_memory_base is either unconnected or has no load
WARNING: [Synth 8-7129] Port dinb[64] in module xpm_memory_base is either unconnected or has no load
WARNING: [Synth 8-7129] Port dinb[63] in module xpm_memory_base is either unconnected or has no load
WARNING: [Synth 8-7129] Port dinb[62] in module xpm_memory_base is either unconnected or has no load
WARNING: [Synth 8-7129] Port dinb[61] in module xpm_memory_base is either unconnected or has no load
WARNING: [Synth 8-7129] Port dinb[60] in module xpm_memory_base is either unconnected or has no load
WARNING: [Synth 8-7129] Port dinb[59] in module xpm_memory_base is either unconnected or has no load
WARNING: [Synth 8-7129] Port dinb[58] in module xpm_memory_base is either unconnected or has no load
WARNING: [Synth 8-7129] Port dinb[57] in module xpm_memory_base is either unconnected or has no load
WARNING: [Synth 8-7129] Port dinb[56] in module xpm_memory_base is either unconnected or has no load
WARNING: [Synth 8-7129] Port dinb[55] in module xpm_memory_base is either unconnected or has no load
WARNING: [Synth 8-7129] Port dinb[54] in module xpm_memory_base is either unconnected or has no load
WARNING: [Synth 8-7129] Port dinb[53] in module xpm_memory_base is either unconnected or has no load
WARNING: [Synth 8-7129] Port dinb[52] in module xpm_memory_base is either unconnected or has no load
WARNING: [Synth 8-7129] Port dinb[51] in module xpm_memory_base is either unconnected or has no load
WARNING: [Synth 8-7129] Port dinb[50] in module xpm_memory_base is either unconnected or has no load
WARNING: [Synth 8-7129] Port dinb[49] in module xpm_memory_base is either unconnected or has no load
WARNING: [Synth 8-7129] Port dinb[48] in module xpm_memory_base is either unconnected or has no load
WARNING: [Synth 8-7129] Port dinb[47] in module xpm_memory_base is either unconnected or has no load
WARNING: [Synth 8-7129] Port dinb[46] in module xpm_memory_base is either unconnected or has no load
WARNING: [Synth 8-7129] Port dinb[45] in module xpm_memory_base is either unconnected or has no load
WARNING: [Synth 8-7129] Port dinb[44] in module xpm_memory_base is either unconnected or has no load
WARNING: [Synth 8-7129] Port dinb[43] in module xpm_memory_base is either unconnected or has no load
WARNING: [Synth 8-7129] Port dinb[42] in module xpm_memory_base is either unconnected or has no load
WARNING: [Synth 8-7129] Port dinb[41] in module xpm_memory_base is either unconnected or has no load
WARNING: [Synth 8-7129] Port dinb[40] in module xpm_memory_base is either unconnected or has no load
WARNING: [Synth 8-7129] Port dinb[39] in module xpm_memory_base is either unconnected or has no load
WARNING: [Synth 8-7129] Port dinb[38] in module xpm_memory_base is either unconnected or has no load
WARNING: [Synth 8-7129] Port dinb[37] in module xpm_memory_base is either unconnected or has no load
WARNING: [Synth 8-7129] Port dinb[36] in module xpm_memory_base is either unconnected or has no load
WARNING: [Synth 8-7129] Port dinb[35] in module xpm_memory_base is either unconnected or has no load
WARNING: [Synth 8-7129] Port dinb[34] in module xpm_memory_base is either unconnected or has no load
WARNING: [Synth 8-7129] Port dinb[33] in module xpm_memory_base is either unconnected or has no load
WARNING: [Synth 8-7129] Port dinb[32] in module xpm_memory_base is either unconnected or has no load
WARNING: [Synth 8-7129] Port dinb[31] in module xpm_memory_base is either unconnected or has no load
WARNING: [Synth 8-7129] Port dinb[30] in module xpm_memory_base is either unconnected or has no load
WARNING: [Synth 8-7129] Port dinb[29] in module xpm_memory_base is either unconnected or has no load
WARNING: [Synth 8-7129] Port dinb[28] in module xpm_memory_base is either unconnected or has no load
WARNING: [Synth 8-7129] Port dinb[27] in module xpm_memory_base is either unconnected or has no load
WARNING: [Synth 8-7129] Port dinb[26] in module xpm_memory_base is either unconnected or has no load
WARNING: [Synth 8-7129] Port dinb[25] in module xpm_memory_base is either unconnected or has no load
WARNING: [Synth 8-7129] Port dinb[24] in module xpm_memory_base is either unconnected or has no load
WARNING: [Synth 8-7129] Port dinb[23] in module xpm_memory_base is either unconnected or has no load
WARNING: [Synth 8-7129] Port dinb[22] in module xpm_memory_base is either unconnected or has no load
WARNING: [Synth 8-7129] Port dinb[21] in module xpm_memory_base is either unconnected or has no load
WARNING: [Synth 8-7129] Port dinb[20] in module xpm_memory_base is either unconnected or has no load
WARNING: [Synth 8-7129] Port dinb[19] in module xpm_memory_base is either unconnected or has no load
WARNING: [Synth 8-7129] Port dinb[18] in module xpm_memory_base is either unconnected or has no load
WARNING: [Synth 8-7129] Port dinb[17] in module xpm_memory_base is either unconnected or has no load
WARNING: [Synth 8-7129] Port dinb[16] in module xpm_memory_base is either unconnected or has no load
WARNING: [Synth 8-7129] Port dinb[15] in module xpm_memory_base is either unconnected or has no load
INFO: [Common 17-14] Message 'Synth 8-7129' appears 100 times and further instances of the messages will be disabled. Use the Tcl command set_msg_config to change the current settings.
---------------------------------------------------------------------------------
Finished RTL Elaboration : Time (s): cpu = 00:00:06 ; elapsed = 00:00:53 . Memory (MB): peak = 3271.043 ; gain = 210.734 ; free physical = 705 ; free virtual = 41269
---------------------------------------------------------------------------------
---------------------------------------------------------------------------------
Start Handling Custom Attributes
---------------------------------------------------------------------------------
---------------------------------------------------------------------------------
Finished Handling Custom Attributes : Time (s): cpu = 00:00:06 ; elapsed = 00:00:55 . Memory (MB): peak = 3289.855 ; gain = 229.547 ; free physical = 433 ; free virtual = 41031
---------------------------------------------------------------------------------
---------------------------------------------------------------------------------
Finished RTL Optimization Phase 1 : Time (s): cpu = 00:00:06 ; elapsed = 00:00:55 . Memory (MB): peak = 3289.855 ; gain = 229.547 ; free physical = 433 ; free virtual = 41031
---------------------------------------------------------------------------------
Netlist sorting complete. Time (s): cpu = 00:00:00.02 ; elapsed = 00:00:00.03 . Memory (MB): peak = 3289.855 ; gain = 0.000 ; free physical = 186 ; free virtual = 40696
INFO: [Project 1-570] Preparing netlist for logic optimization

Processing XDC Constraints
Initializing timing engine
Parsing XDC File [/home/mklab/workspace/iiot-eddp/Vitis/zcu104_foc_pkg/vivado/output/temp/vv/k26_foc.gen/sources_1/bd/design_1/ip/design_1_rx_fifo_0/design_1_rx_fifo_0_ooc.xdc] for cell 'inst'
create_clock: Time (s): cpu = 00:00:08 ; elapsed = 00:00:08 . Memory (MB): peak = 3467.480 ; gain = 2.969 ; free physical = 6928 ; free virtual = 39860
Finished Parsing XDC File [/home/mklab/workspace/iiot-eddp/Vitis/zcu104_foc_pkg/vivado/output/temp/vv/k26_foc.gen/sources_1/bd/design_1/ip/design_1_rx_fifo_0/design_1_rx_fifo_0_ooc.xdc] for cell 'inst'
Parsing XDC File [/home/mklab/workspace/iiot-eddp/Vitis/zcu104_foc_pkg/vivado/output/temp/vv/k26_foc.runs/design_1_rx_fifo_0_synth_1/dont_touch.xdc]
Finished Parsing XDC File [/home/mklab/workspace/iiot-eddp/Vitis/zcu104_foc_pkg/vivado/output/temp/vv/k26_foc.runs/design_1_rx_fifo_0_synth_1/dont_touch.xdc]
INFO: [Project 1-236] Implementation specific constraints were found while reading constraint file [/home/mklab/Xilinx/Vivado/2021.2/data/ip/xpm/xpm_fifo/tcl/xpm_fifo_rst_axis.tcl]. These constraints will be ignored for synthesis but will be used in implementation. Impacted constraints are listed in the file [.Xil/design_1_rx_fifo_0_propImpl.xdc].
Resolution: To avoid this warning, move constraints listed in [.Xil/design_1_rx_fifo_0_propImpl.xdc] to another XDC file and exclude this new file from synthesis with the used_in_synthesis property (File Properties dialog in GUI) and re-run elaboration/synthesis.
INFO: [Project 1-1714] 2 XPM XDC files have been applied to the design.
Completed Processing XDC Constraints

Netlist sorting complete. Time (s): cpu = 00:00:00 ; elapsed = 00:00:00 . Memory (MB): peak = 3467.480 ; gain = 0.000 ; free physical = 6890 ; free virtual = 39829
INFO: [Project 1-111] Unisim Transformation Summary:
No Unisim elements were transformed.

Constraint Validation Runtime : Time (s): cpu = 00:00:00.02 ; elapsed = 00:00:00.04 . Memory (MB): peak = 3467.480 ; gain = 0.000 ; free physical = 6879 ; free virtual = 39819
---------------------------------------------------------------------------------
Finished Constraint Validation : Time (s): cpu = 00:00:22 ; elapsed = 00:02:56 . Memory (MB): peak = 3467.480 ; gain = 407.172 ; free physical = 6034 ; free virtual = 39046
---------------------------------------------------------------------------------
---------------------------------------------------------------------------------
Start Loading Part and Timing Information
---------------------------------------------------------------------------------
Loading part: xczu7ev-ffvc1156-2-e
INFO: [Synth 8-6742] Reading net delay rules and data
---------------------------------------------------------------------------------
Finished Loading Part and Timing Information : Time (s): cpu = 00:00:22 ; elapsed = 00:02:56 . Memory (MB): peak = 3467.480 ; gain = 407.172 ; free physical = 6028 ; free virtual = 39040
---------------------------------------------------------------------------------
---------------------------------------------------------------------------------
Start Applying 'set_property' XDC Constraints
---------------------------------------------------------------------------------
Applied set_property KEEP_HIERARCHY = SOFT for inst. (constraint file  /home/mklab/workspace/iiot-eddp/Vitis/zcu104_foc_pkg/vivado/output/temp/vv/k26_foc.runs/design_1_rx_fifo_0_synth_1/dont_touch.xdc, line 9).
Applied set_property KEEP_HIERARCHY = SOFT for inst/\gen_fifo.xpm_fifo_axis_inst /\gaxis_rst_sync.xpm_cdc_sync_rst_inst . (constraint file  auto generated constraint).
Applied set_property KEEP_HIERARCHY = SOFT for inst/\gen_fifo.xpm_fifo_axis_inst . (constraint file  auto generated constraint).
---------------------------------------------------------------------------------
Finished applying 'set_property' XDC Constraints : Time (s): cpu = 00:00:22 ; elapsed = 00:02:56 . Memory (MB): peak = 3467.480 ; gain = 407.172 ; free physical = 6000 ; free virtual = 39012
---------------------------------------------------------------------------------
INFO: [Synth 8-802] inferred FSM for state register 'gen_fwft.curr_fwft_state_reg' in module 'xpm_fifo_base'
---------------------------------------------------------------------------------------------------
                   State |                     New Encoding |                Previous Encoding 
---------------------------------------------------------------------------------------------------
                 invalid |                               00 |                               00
            stage1_valid |                               01 |                               10
       both_stages_valid |                               10 |                               11
            stage2_valid |                               11 |                               01
---------------------------------------------------------------------------------------------------
INFO: [Synth 8-3354] encoded FSM with state register 'gen_fwft.curr_fwft_state_reg' using encoding 'sequential' in module 'xpm_fifo_base'
---------------------------------------------------------------------------------
Finished RTL Optimization Phase 2 : Time (s): cpu = 00:00:22 ; elapsed = 00:02:57 . Memory (MB): peak = 3467.480 ; gain = 407.172 ; free physical = 5828 ; free virtual = 38844
---------------------------------------------------------------------------------
---------------------------------------------------------------------------------
Start RTL Component Statistics 
---------------------------------------------------------------------------------
Detailed RTL Component Info : 
+---Adders : 
	   4 Input   10 Bit       Adders := 2     
	   4 Input    9 Bit       Adders := 3     
	   4 Input    2 Bit       Adders := 1     
+---Registers : 
	              104 Bit    Registers := 2     
	               10 Bit    Registers := 2     
	                9 Bit    Registers := 3     
	                4 Bit    Registers := 1     
	                3 Bit    Registers := 1     
	                2 Bit    Registers := 2     
	                1 Bit    Registers := 10    
+---RAMs : 
	              52K Bit	(512 X 104 bit)          RAMs := 1     
+---Muxes : 
	   2 Input    2 Bit        Muxes := 31    
	   4 Input    2 Bit        Muxes := 7     
	   4 Input    1 Bit        Muxes := 2     
	   2 Input    1 Bit        Muxes := 4     
---------------------------------------------------------------------------------
Finished RTL Component Statistics 
---------------------------------------------------------------------------------
---------------------------------------------------------------------------------
Start Part Resource Summary
---------------------------------------------------------------------------------
Part Resources:
DSPs: 1728 (col length:144)
BRAMs: 624 (col length: RAMB18 144 RAMB36 72)
---------------------------------------------------------------------------------
Finished Part Resource Summary
---------------------------------------------------------------------------------
---------------------------------------------------------------------------------
Start Cross Boundary and Area Optimization
---------------------------------------------------------------------------------
WARNING: [Synth 8-7080] Parallel synthesis criteria is not met
INFO: [Synth 8-5784] Optimized 24 bits of RAM "gen_wr_a.gen_word_narrow.mem_reg" due to constant propagation. Old ram width 104 bits, new ram width 80 bits.
RAM ("inst/\gen_fifo.xpm_fifo_axis_inst /xpm_fifo_base_inst/\gen_sdpram.xpm_memory_base_inst /gen_wr_a.gen_word_narrow.mem_reg") is too shallow (depth = 512) to use URAM. Choosing BRAM instead of URAM 
---------------------------------------------------------------------------------
Finished Cross Boundary and Area Optimization : Time (s): cpu = 00:00:25 ; elapsed = 00:03:01 . Memory (MB): peak = 3467.480 ; gain = 407.172 ; free physical = 4659 ; free virtual = 37705
---------------------------------------------------------------------------------
---------------------------------------------------------------------------------
Start ROM, RAM, DSP, Shift Register and Retiming Reporting
---------------------------------------------------------------------------------

Block RAM: Preliminary Mapping Report (see note below)
+----------------------------------------------------------------------------------------+----------------------------------+------------------------+---+---+------------------------+---+---+------------------+--------+--------+-----------------+
|Module Name                                                                             | RTL Object                       | PORT A (Depth x Width) | W | R | PORT B (Depth x Width) | W | R | Ports driving FF | RAMB18 | RAMB36 | Cascade Heights | 
+----------------------------------------------------------------------------------------+----------------------------------+------------------------+---+---+------------------------+---+---+------------------+--------+--------+-----------------+
|inst/\gen_fifo.xpm_fifo_axis_inst /xpm_fifo_base_inst/\gen_sdpram.xpm_memory_base_inst  | gen_wr_a.gen_word_narrow.mem_reg | 512 x 104(READ_FIRST)  | W |   | 512 x 104(WRITE_FIRST) |   | R | Port A and B     | 1      | 1      |                 | 
+----------------------------------------------------------------------------------------+----------------------------------+------------------------+---+---+------------------------+---+---+------------------+--------+--------+-----------------+

Note: The table above is a preliminary report that shows the Block RAMs at the current stage of the synthesis flow. Some Block RAMs may be reimplemented as non Block RAM primitives later in the synthesis flow. Multiple instantiated Block RAMs are reported only once. 
---------------------------------------------------------------------------------
Finished ROM, RAM, DSP, Shift Register and Retiming Reporting
---------------------------------------------------------------------------------
---------------------------------------------------------------------------------
Start Applying XDC Timing Constraints
---------------------------------------------------------------------------------
---------------------------------------------------------------------------------
Finished Applying XDC Timing Constraints : Time (s): cpu = 00:00:37 ; elapsed = 00:03:29 . Memory (MB): peak = 3830.754 ; gain = 770.445 ; free physical = 1108 ; free virtual = 33699
---------------------------------------------------------------------------------
---------------------------------------------------------------------------------
Start Timing Optimization
---------------------------------------------------------------------------------
---------------------------------------------------------------------------------
Finished Timing Optimization : Time (s): cpu = 00:00:38 ; elapsed = 00:03:29 . Memory (MB): peak = 3852.785 ; gain = 792.477 ; free physical = 1081 ; free virtual = 33678
---------------------------------------------------------------------------------
---------------------------------------------------------------------------------
Start ROM, RAM, DSP, Shift Register and Retiming Reporting
---------------------------------------------------------------------------------

Block RAM: Final Mapping Report
+----------------------------------------------------------------------------------------+----------------------------------+------------------------+---+---+------------------------+---+---+------------------+--------+--------+-----------------+
|Module Name                                                                             | RTL Object                       | PORT A (Depth x Width) | W | R | PORT B (Depth x Width) | W | R | Ports driving FF | RAMB18 | RAMB36 | Cascade Heights | 
+----------------------------------------------------------------------------------------+----------------------------------+------------------------+---+---+------------------------+---+---+------------------+--------+--------+-----------------+
|inst/\gen_fifo.xpm_fifo_axis_inst /xpm_fifo_base_inst/\gen_sdpram.xpm_memory_base_inst  | gen_wr_a.gen_word_narrow.mem_reg | 512 x 104(READ_FIRST)  | W |   | 512 x 104(WRITE_FIRST) |   | R | Port A and B     | 1      | 1      |                 | 
+----------------------------------------------------------------------------------------+----------------------------------+------------------------+---+---+------------------------+---+---+------------------+--------+--------+-----------------+

---------------------------------------------------------------------------------
Finished ROM, RAM, DSP, Shift Register and Retiming Reporting
---------------------------------------------------------------------------------
---------------------------------------------------------------------------------
Start Technology Mapping
---------------------------------------------------------------------------------
---------------------------------------------------------------------------------
Finished Technology Mapping : Time (s): cpu = 00:00:38 ; elapsed = 00:03:30 . Memory (MB): peak = 3860.793 ; gain = 800.484 ; free physical = 1055 ; free virtual = 33654
---------------------------------------------------------------------------------
---------------------------------------------------------------------------------
Start IO Insertion
---------------------------------------------------------------------------------
---------------------------------------------------------------------------------
Start Flattening Before IO Insertion
---------------------------------------------------------------------------------
---------------------------------------------------------------------------------
Finished Flattening Before IO Insertion
---------------------------------------------------------------------------------
---------------------------------------------------------------------------------
Start Final Netlist Cleanup
---------------------------------------------------------------------------------
---------------------------------------------------------------------------------
Finished Final Netlist Cleanup
---------------------------------------------------------------------------------
---------------------------------------------------------------------------------
Finished IO Insertion : Time (s): cpu = 00:00:43 ; elapsed = 00:03:35 . Memory (MB): peak = 3863.762 ; gain = 803.453 ; free physical = 338 ; free virtual = 32816
---------------------------------------------------------------------------------
---------------------------------------------------------------------------------
Start Renaming Generated Instances
---------------------------------------------------------------------------------
---------------------------------------------------------------------------------
Finished Renaming Generated Instances : Time (s): cpu = 00:00:43 ; elapsed = 00:03:35 . Memory (MB): peak = 3863.762 ; gain = 803.453 ; free physical = 335 ; free virtual = 32813
---------------------------------------------------------------------------------
---------------------------------------------------------------------------------
Start Rebuilding User Hierarchy
---------------------------------------------------------------------------------
---------------------------------------------------------------------------------
Finished Rebuilding User Hierarchy : Time (s): cpu = 00:00:43 ; elapsed = 00:03:35 . Memory (MB): peak = 3863.762 ; gain = 803.453 ; free physical = 339 ; free virtual = 32817
---------------------------------------------------------------------------------
---------------------------------------------------------------------------------
Start Renaming Generated Ports
---------------------------------------------------------------------------------
---------------------------------------------------------------------------------
Finished Renaming Generated Ports : Time (s): cpu = 00:00:43 ; elapsed = 00:03:35 . Memory (MB): peak = 3863.762 ; gain = 803.453 ; free physical = 339 ; free virtual = 32817
---------------------------------------------------------------------------------
---------------------------------------------------------------------------------
Start Handling Custom Attributes
---------------------------------------------------------------------------------
---------------------------------------------------------------------------------
Finished Handling Custom Attributes : Time (s): cpu = 00:00:43 ; elapsed = 00:03:35 . Memory (MB): peak = 3863.762 ; gain = 803.453 ; free physical = 343 ; free virtual = 32822
---------------------------------------------------------------------------------
---------------------------------------------------------------------------------
Start Renaming Generated Nets
---------------------------------------------------------------------------------
---------------------------------------------------------------------------------
Finished Renaming Generated Nets : Time (s): cpu = 00:00:43 ; elapsed = 00:03:35 . Memory (MB): peak = 3863.762 ; gain = 803.453 ; free physical = 343 ; free virtual = 32821
---------------------------------------------------------------------------------
---------------------------------------------------------------------------------
Start Writing Synthesis Report
---------------------------------------------------------------------------------

Report BlackBoxes: 
+-+--------------+----------+
| |BlackBox name |Instances |
+-+--------------+----------+
+-+--------------+----------+

Report Cell Usage: 
+------+---------+------+
|      |Cell     |Count |
+------+---------+------+
|1     |LUT1     |     3|
|2     |LUT2     |     4|
|3     |LUT3     |     9|
|4     |LUT4     |    16|
|5     |LUT5     |    15|
|6     |LUT6     |    23|
|7     |RAMB18E2 |     1|
|8     |RAMB36E2 |     1|
|9     |FDRE     |    45|
|10    |FDSE     |     8|
+------+---------+------+
---------------------------------------------------------------------------------
Finished Writing Synthesis Report : Time (s): cpu = 00:00:43 ; elapsed = 00:03:35 . Memory (MB): peak = 3863.762 ; gain = 803.453 ; free physical = 347 ; free virtual = 32826
---------------------------------------------------------------------------------
Synthesis finished with 0 errors, 0 critical warnings and 140 warnings.
Synthesis Optimization Runtime : Time (s): cpu = 00:00:33 ; elapsed = 00:01:40 . Memory (MB): peak = 3863.762 ; gain = 625.828 ; free physical = 370 ; free virtual = 32862
Synthesis Optimization Complete : Time (s): cpu = 00:00:43 ; elapsed = 00:03:35 . Memory (MB): peak = 3863.770 ; gain = 803.453 ; free physical = 370 ; free virtual = 32862
INFO: [Project 1-571] Translating synthesized netlist
Netlist sorting complete. Time (s): cpu = 00:00:00.01 ; elapsed = 00:00:00 . Memory (MB): peak = 3877.699 ; gain = 0.000 ; free physical = 331 ; free virtual = 32927
INFO: [Project 1-570] Preparing netlist for logic optimization
INFO: [Opt 31-138] Pushed 0 inverter(s) to 0 load pin(s).
Netlist sorting complete. Time (s): cpu = 00:00:00 ; elapsed = 00:00:00 . Memory (MB): peak = 3931.527 ; gain = 0.000 ; free physical = 252 ; free virtual = 32998
INFO: [Project 1-111] Unisim Transformation Summary:
No Unisim elements were transformed.

Synth Design complete, checksum: e9c47aff
INFO: [Common 17-83] Releasing license: Synthesis
56 Infos, 104 Warnings, 0 Critical Warnings and 0 Errors encountered.
synth_design completed successfully
synth_design: Time (s): cpu = 00:00:58 ; elapsed = 00:04:12 . Memory (MB): peak = 3931.527 ; gain = 1110.980 ; free physical = 440 ; free virtual = 33216
INFO: [Common 17-1381] The checkpoint '/home/mklab/workspace/iiot-eddp/Vitis/zcu104_foc_pkg/vivado/output/temp/vv/k26_foc.runs/design_1_rx_fifo_0_synth_1/design_1_rx_fifo_0.dcp' has been generated.
INFO: [Coretcl 2-1648] Added synthesis output to IP cache for IP design_1_rx_fifo_0, cache-ID = 67d9c4265bf0e54e
INFO: [Coretcl 2-1174] Renamed 11 cell refs.
INFO: [Common 17-1381] The checkpoint '/home/mklab/workspace/iiot-eddp/Vitis/zcu104_foc_pkg/vivado/output/temp/vv/k26_foc.runs/design_1_rx_fifo_0_synth_1/design_1_rx_fifo_0.dcp' has been generated.
INFO: [runtcl-4] Executing : report_utilization -file design_1_rx_fifo_0_utilization_synth.rpt -pb design_1_rx_fifo_0_utilization_synth.pb
INFO: [Common 17-206] Exiting Vivado at Mon Oct 31 12:47:23 2022...
