

================================================================
== Vitis HLS Report for 'decoupling_float_s'
================================================================
* Date:           Mon Oct 17 13:30:31 2022

* Version:        2021.2 (Build 3367213 on Tue Oct 19 02:47:39 MDT 2021)
* Project:        foc-rewrite
* Solution:       foc (Vivado IP Flow Target)
* Product family: zynquplus
* Target device:  xczu7ev-ffvc1156-2-e


================================================================
== Performance Estimates
================================================================
+ Timing: 
    * Summary: 
    +--------+----------+----------+------------+
    |  Clock |  Target  | Estimated| Uncertainty|
    +--------+----------+----------+------------+
    |ap_clk  |  10.00 ns|  7.016 ns|     2.70 ns|
    +--------+----------+----------+------------+

+ Latency: 
    * Summary: 
    +---------+---------+----------+----------+-----+-----+---------+
    |  Latency (cycles) |  Latency (absolute) |  Interval | Pipeline|
    |   min   |   max   |    min   |    max   | min | max |   Type  |
    +---------+---------+----------+----------+-----+-----+---------+
    |       13|       13|  0.130 us|  0.130 us|   13|   13|       no|
    +---------+---------+----------+----------+-----+-----+---------+

    + Detail: 
        * Instance: 
        N/A

        * Loop: 
        N/A



================================================================
== Utilization Estimates
================================================================
* Summary: 
+-----------------+---------+------+--------+--------+-----+
|       Name      | BRAM_18K|  DSP |   FF   |   LUT  | URAM|
+-----------------+---------+------+--------+--------+-----+
|DSP              |        -|     -|       -|       -|    -|
|Expression       |        -|     -|       -|       -|    -|
|FIFO             |        -|     -|       -|       -|    -|
|Instance         |        -|    10|     710|     698|    -|
|Memory           |        -|     -|       -|       -|    -|
|Multiplexer      |        -|     -|       -|     131|    -|
|Register         |        -|     -|     174|       -|    -|
+-----------------+---------+------+--------+--------+-----+
|Total            |        0|    10|     884|     829|    0|
+-----------------+---------+------+--------+--------+-----+
|Available        |      624|  1728|  460800|  230400|   96|
+-----------------+---------+------+--------+--------+-----+
|Utilization (%)  |        0|    ~0|      ~0|      ~0|    0|
+-----------------+---------+------+--------+--------+-----+

+ Detail: 
    * Instance: 
    +------------------------------------+--------------------------------+---------+----+-----+-----+-----+
    |              Instance              |             Module             | BRAM_18K| DSP|  FF | LUT | URAM|
    +------------------------------------+--------------------------------+---------+----+-----+-----+-----+
    |fadd_32ns_32ns_32_4_full_dsp_1_U62  |fadd_32ns_32ns_32_4_full_dsp_1  |        0|   2|  227|  214|    0|
    |fmul_32ns_32ns_32_3_max_dsp_1_U64   |fmul_32ns_32ns_32_3_max_dsp_1   |        0|   3|  128|  135|    0|
    |fmul_32ns_32ns_32_3_max_dsp_1_U65   |fmul_32ns_32ns_32_3_max_dsp_1   |        0|   3|  128|  135|    0|
    |fsub_32ns_32ns_32_4_full_dsp_1_U63  |fsub_32ns_32ns_32_4_full_dsp_1  |        0|   2|  227|  214|    0|
    +------------------------------------+--------------------------------+---------+----+-----+-----+-----+
    |Total                               |                                |        0|  10|  710|  698|    0|
    +------------------------------------+--------------------------------+---------+----+-----+-----+-----+

    * DSP: 
    N/A

    * Memory: 
    N/A

    * FIFO: 
    N/A

    * Expression: 
    N/A

    * Multiplexer: 
    +--------------+----+-----------+-----+-----------+
    |     Name     | LUT| Input Size| Bits| Total Bits|
    +--------------+----+-----------+-----+-----------+
    |ap_NS_fsm     |  65|         15|    1|         15|
    |ap_return_0   |   9|          2|   32|         64|
    |ap_return_1   |   9|          2|   32|         64|
    |grp_fu_48_p1  |  14|          3|   32|         96|
    |grp_fu_59_p0  |  20|          4|   32|        128|
    |grp_fu_59_p1  |  14|          3|   32|         96|
    +--------------+----+-----------+-----+-----------+
    |Total         | 131|         29|  161|        463|
    +--------------+----+-----------+-----+-----------+

    * Register: 
    +------------------+----+----+-----+-----------+
    |       Name       | FF | LUT| Bits| Const Bits|
    +------------------+----+----+-----+-----------+
    |add3_reg_100      |  32|   0|   32|          0|
    |ap_CS_fsm         |  14|   0|   14|          0|
    |ap_return_0_preg  |  32|   0|   32|          0|
    |ap_return_1_preg  |  32|   0|   32|          0|
    |mul4_reg_111      |  32|   0|   32|          0|
    |reg_72            |  32|   0|   32|          0|
    +------------------+----+----+-----+-----------+
    |Total             | 174|   0|  174|          0|
    +------------------+----+----+-----+-----------+



================================================================
== Interface
================================================================
* Summary: 
+-------------+-----+-----+------------+-------------------+--------------+
|  RTL Ports  | Dir | Bits|  Protocol  |   Source Object   |    C Type    |
+-------------+-----+-----+------------+-------------------+--------------+
|ap_clk       |   in|    1|  ap_ctrl_hs|  decoupling<float>|  return value|
|ap_rst       |   in|    1|  ap_ctrl_hs|  decoupling<float>|  return value|
|ap_start     |   in|    1|  ap_ctrl_hs|  decoupling<float>|  return value|
|ap_done      |  out|    1|  ap_ctrl_hs|  decoupling<float>|  return value|
|ap_idle      |  out|    1|  ap_ctrl_hs|  decoupling<float>|  return value|
|ap_ready     |  out|    1|  ap_ctrl_hs|  decoupling<float>|  return value|
|ap_return_0  |  out|   32|  ap_ctrl_hs|  decoupling<float>|  return value|
|ap_return_1  |  out|   32|  ap_ctrl_hs|  decoupling<float>|  return value|
|Id           |   in|   32|     ap_none|                 Id|        scalar|
|Iq           |   in|   32|     ap_none|                 Iq|        scalar|
|Vd           |   in|   32|     ap_none|                 Vd|        scalar|
|Vq           |   in|   32|     ap_none|                 Vq|        scalar|
|RPM          |   in|   32|     ap_none|                RPM|        scalar|
+-------------+-----+-----+------------+-------------------+--------------+

