

================================================================
== Vitis HLS Report for 'foc_frontend'
================================================================
* Date:           Mon Oct 17 13:30:34 2022

* Version:        2021.2 (Build 3367213 on Tue Oct 19 02:47:39 MDT 2021)
* Project:        foc-rewrite
* Solution:       foc (Vivado IP Flow Target)
* Product family: zynquplus
* Target device:  xczu7ev-ffvc1156-2-e


================================================================
== Performance Estimates
================================================================
+ Timing: 
    * Summary: 
    +--------+----------+----------+------------+
    |  Clock |  Target  | Estimated| Uncertainty|
    +--------+----------+----------+------------+
    |ap_clk  |  10.00 ns|  7.300 ns|     2.70 ns|
    +--------+----------+----------+------------+

+ Latency: 
    * Summary: 
    +---------+---------+-----------+----------+-----+-----+---------+
    |  Latency (cycles) |  Latency (absolute)  |  Interval | Pipeline|
    |   min   |   max   |    min    |    max   | min | max |   Type  |
    +---------+---------+-----------+----------+-----+-----+---------+
    |        4|      269|  40.000 ns|  2.690 us|    5|  270|       no|
    +---------+---------+-----------+----------+-----+-----+---------+

    + Detail: 
        * Instance: 
        +---------------------------+----------------+---------+---------+-----------+-----------+-----+-----+---------+
        |                           |                |  Latency (cycles) |   Latency (absolute)  |  Interval | Pipeline|
        |          Instance         |     Module     |   min   |   max   |    min    |    max    | min | max |   Type  |
        +---------------------------+----------------+---------+---------+-----------+-----------+-----+-----+---------+
        |grp_calibration_fu_180     |calibration     |        1|        1|  10.000 ns|  10.000 ns|    1|    1|       no|
        |grp_torque_foc_fu_192      |torque_foc      |      200|      200|   2.000 us|   2.000 us|  200|  200|       no|
        |grp_manual_control_fu_248  |manual_control  |       51|       51|   0.510 us|   0.510 us|   51|   51|       no|
        |grp_foc_fu_276             |foc             |      255|      265|   2.550 us|   2.650 us|  255|  265|       no|
        +---------------------------+----------------+---------+---------+-----------+-----------+-----+-----+---------+

        * Loop: 
        N/A



================================================================
== Utilization Estimates
================================================================
* Summary: 
+-----------------+---------+------+--------+--------+-----+
|       Name      | BRAM_18K|  DSP |   FF   |   LUT  | URAM|
+-----------------+---------+------+--------+--------+-----+
|DSP              |        -|     -|       -|       -|    -|
|Expression       |        -|     -|       0|     635|    -|
|FIFO             |        -|     -|       -|       -|    -|
|Instance         |       20|   239|   24298|   34039|    0|
|Memory           |        1|     -|       0|       0|    0|
|Multiplexer      |        -|     -|       -|     511|    -|
|Register         |        -|     -|     203|       -|    -|
+-----------------+---------+------+--------+--------+-----+
|Total            |       21|   239|   24501|   35185|    0|
+-----------------+---------+------+--------+--------+-----+
|Available        |      624|  1728|  460800|  230400|   96|
+-----------------+---------+------+--------+--------+-----+
|Utilization (%)  |        3|    13|       5|      15|    0|
+-----------------+---------+------+--------+--------+-----+

+ Detail: 
    * Instance: 
    +---------------------------+-----------------+---------+-----+-------+-------+-----+
    |          Instance         |      Module     | BRAM_18K| DSP |   FF  |  LUT  | URAM|
    +---------------------------+-----------------+---------+-----+-------+-------+-----+
    |grp_calibration_fu_180     |calibration      |        0|    0|      2|     25|    0|
    |control_r_s_axi_U          |control_r_s_axi  |        0|    0|    197|    182|    0|
    |grp_foc_fu_276             |foc              |        8|  100|  10058|  13764|    0|
    |grp_manual_control_fu_248  |manual_control   |        4|   37|   4000|   6437|    0|
    |grp_torque_foc_fu_192      |torque_foc       |        8|  102|  10041|  13631|    0|
    +---------------------------+-----------------+---------+-----+-------+-------+-----+
    |Total                      |                 |       20|  239|  24298|  34039|    0|
    +---------------------------+-----------------+---------+-----+-------+-------+-----+

    * DSP: 
    N/A

    * Memory: 
    +-------------------+-------------------------------+---------+---+----+-----+------+-----+------+-------------+
    |       Memory      |             Module            | BRAM_18K| FF| LUT| URAM| Words| Bits| Banks| W*Bits*Banks|
    +-------------------+-------------------------------+---------+---+----+-----+------+-----+------+-------------+
    |buffer_velocity_U  |buffer_velocity_RAM_AUTO_1R1W  |        1|  0|   0|    0|    32|   32|     1|         1024|
    +-------------------+-------------------------------+---------+---+----+-----+------+-----+------+-------------+
    |Total              |                               |        1|  0|   0|    0|    32|   32|     1|         1024|
    +-------------------+-------------------------------+---------+---+----+-----+------+-----+------+-------------+

    * FIFO: 
    N/A

    * Expression: 
    +---------------------------------+----------+----+---+-----+------------+------------+
    |          Variable Name          | Operation| DSP| FF| LUT | Bitwidth P0| Bitwidth P1|
    +---------------------------------+----------+----+---+-----+------------+------------+
    |add_ln344_fu_378_p2              |         +|   0|  0|   16|           9|           8|
    |result_V_24_fu_460_p2            |         -|   0|  0|   39|           1|          32|
    |sub_ln1364_fu_392_p2             |         -|   0|  0|   15|           7|           8|
    |ap_predicate_op68_call_state4    |       and|   0|  0|    2|           1|           1|
    |grp_calibration_fu_180_B_TREADY  |       and|   0|  0|    2|           1|           1|
    |grp_foc_fu_276_B_TREADY          |       and|   0|  0|    2|           1|           1|
    |grp_foc_fu_276_C_TREADY          |       and|   0|  0|    2|           1|           1|
    |r_V_fu_418_p2                    |      lshr|   0|  0|  240|          79|          79|
    |ap_block_state4_on_subcall_done  |        or|   0|  0|    2|           1|           1|
    |ap_block_state7                  |        or|   0|  0|    2|           1|           1|
    |result_V_fu_466_p3               |    select|   0|  0|   32|           1|          32|
    |ush_fu_402_p3                    |    select|   0|  0|    9|           1|           9|
    |val_fu_452_p3                    |    select|   0|  0|   32|           1|          32|
    |r_V_11_fu_424_p2                 |       shl|   0|  0|  240|          79|          79|
    +---------------------------------+----------+----+---+-----+------------+------------+
    |Total                            |          |   0|  0|  635|         184|         285|
    +---------------------------------+----------+----+---+-----+------------+------------+

    * Multiplexer: 
    +--------------------------+----+-----------+-----+-----------+
    |           Name           | LUT| Input Size| Bits| Total Bits|
    +--------------------------+----+-----------+-----+-----------+
    |A_TDATA_blk_n             |   9|          2|    1|          2|
    |A_TREADY_int_regslice     |  26|          5|    1|          5|
    |B_TDATA_int_regslice      |  26|          5|   64|        320|
    |B_TKEEP_int_regslice      |  26|          5|    8|         40|
    |B_TLAST_int_regslice      |  26|          5|    1|          5|
    |B_TSTRB_int_regslice      |  26|          5|    8|         40|
    |B_TVALID_int_regslice     |  26|          5|    1|          5|
    |C_TDATA_int_regslice      |  14|          3|   64|        192|
    |C_TKEEP_int_regslice      |  14|          3|    8|         24|
    |C_TLAST_int_regslice      |  14|          3|    1|          3|
    |C_TSTRB_int_regslice      |  14|          3|    8|         24|
    |C_TVALID_int_regslice     |  14|          3|    1|          3|
    |Y1a_prev                  |   9|          2|   32|         64|
    |Y1b_prev                  |   9|          2|   32|         64|
    |Y2a_prev                  |   9|          2|   32|         64|
    |Y2b_prev                  |   9|          2|   32|         64|
    |ap_NS_fsm                 |  43|          8|    1|          8|
    |buffer_velocity_address0  |  14|          3|    5|         15|
    |buffer_velocity_ce0       |  14|          3|    1|          3|
    |buffer_velocity_d0        |  14|          3|   32|         96|
    |buffer_velocity_we0       |  14|          3|    1|          3|
    |control_address0          |  26|          5|    3|         15|
    |control_ce0               |  26|          5|    1|          5|
    |logger_address0           |  20|          4|    5|         20|
    |logger_ce0                |  20|          4|    1|          4|
    |logger_d0                 |  20|          4|   32|        128|
    |logger_we0                |  20|          4|    1|          4|
    |velocity_accum            |   9|          2|   32|         64|
    +--------------------------+----+-----------+-----+-----------+
    |Total                     | 511|        103|  409|       1284|
    +--------------------------+----+-----------+-----+-----------+

    * Register: 
    +----------------------------------------+----+----+-----+-----------+
    |                  Name                  | FF | LUT| Bits| Const Bits|
    +----------------------------------------+----+----+-----+-----------+
    |Y1a_prev                                |  32|   0|   32|          0|
    |Y1b_prev                                |  32|   0|   32|          0|
    |Y2a_prev                                |  32|   0|   32|          0|
    |Y2b_prev                                |  32|   0|   32|          0|
    |ap_CS_fsm                               |   7|   0|    7|          0|
    |grp_calibration_fu_180_ap_start_reg     |   1|   0|    1|          0|
    |grp_foc_fu_276_ap_start_reg             |   1|   0|    1|          0|
    |grp_manual_control_fu_248_ap_start_reg  |   1|   0|    1|          0|
    |grp_torque_foc_fu_192_ap_start_reg      |   1|   0|    1|          0|
    |result_V_reg_479                        |  32|   0|   32|          0|
    |velocity_accum                          |  32|   0|   32|          0|
    +----------------------------------------+----+----+-----+-----------+
    |Total                                   | 203|   0|  203|          0|
    +----------------------------------------+----+----+-----+-----------+



================================================================
== Interface
================================================================
* Summary: 
+-------------------------+-----+-----+--------------+--------------+--------------+
|        RTL Ports        | Dir | Bits|   Protocol   | Source Object|    C Type    |
+-------------------------+-----+-----+--------------+--------------+--------------+
|s_axi_control_r_AWVALID  |   in|    1|         s_axi|     control_r|        scalar|
|s_axi_control_r_AWREADY  |  out|    1|         s_axi|     control_r|        scalar|
|s_axi_control_r_AWADDR   |   in|    8|         s_axi|     control_r|        scalar|
|s_axi_control_r_WVALID   |   in|    1|         s_axi|     control_r|        scalar|
|s_axi_control_r_WREADY   |  out|    1|         s_axi|     control_r|        scalar|
|s_axi_control_r_WDATA    |   in|   32|         s_axi|     control_r|        scalar|
|s_axi_control_r_WSTRB    |   in|    4|         s_axi|     control_r|        scalar|
|s_axi_control_r_ARVALID  |   in|    1|         s_axi|     control_r|        scalar|
|s_axi_control_r_ARREADY  |  out|    1|         s_axi|     control_r|        scalar|
|s_axi_control_r_ARADDR   |   in|    8|         s_axi|     control_r|        scalar|
|s_axi_control_r_RVALID   |  out|    1|         s_axi|     control_r|        scalar|
|s_axi_control_r_RREADY   |   in|    1|         s_axi|     control_r|        scalar|
|s_axi_control_r_RDATA    |  out|   32|         s_axi|     control_r|        scalar|
|s_axi_control_r_RRESP    |  out|    2|         s_axi|     control_r|        scalar|
|s_axi_control_r_BVALID   |  out|    1|         s_axi|     control_r|        scalar|
|s_axi_control_r_BREADY   |   in|    1|         s_axi|     control_r|        scalar|
|s_axi_control_r_BRESP    |  out|    2|         s_axi|     control_r|        scalar|
|ap_local_block           |  out|    1|  ap_ctrl_none|  foc_frontend|  return value|
|ap_clk                   |   in|    1|  ap_ctrl_none|  foc_frontend|  return value|
|ap_rst_n                 |   in|    1|  ap_ctrl_none|  foc_frontend|  return value|
|A_TDATA                  |   in|   80|          axis|    A_V_data_V|       pointer|
|A_TVALID                 |   in|    1|          axis|    A_V_last_V|       pointer|
|A_TREADY                 |  out|    1|          axis|    A_V_last_V|       pointer|
|A_TLAST                  |   in|    1|          axis|    A_V_last_V|       pointer|
|A_TKEEP                  |   in|   10|          axis|    A_V_keep_V|       pointer|
|A_TSTRB                  |   in|   10|          axis|    A_V_strb_V|       pointer|
|B_TDATA                  |  out|   64|          axis|    B_V_data_V|       pointer|
|B_TVALID                 |  out|    1|          axis|    B_V_last_V|       pointer|
|B_TREADY                 |   in|    1|          axis|    B_V_last_V|       pointer|
|B_TLAST                  |  out|    1|          axis|    B_V_last_V|       pointer|
|B_TKEEP                  |  out|    8|          axis|    B_V_keep_V|       pointer|
|B_TSTRB                  |  out|    8|          axis|    B_V_strb_V|       pointer|
|C_TDATA                  |  out|   64|          axis|    C_V_data_V|       pointer|
|C_TVALID                 |  out|    1|          axis|    C_V_last_V|       pointer|
|C_TREADY                 |   in|    1|          axis|    C_V_last_V|       pointer|
|C_TLAST                  |  out|    1|          axis|    C_V_last_V|       pointer|
|C_TKEEP                  |  out|    8|          axis|    C_V_keep_V|       pointer|
|C_TSTRB                  |  out|    8|          axis|    C_V_strb_V|       pointer|
+-------------------------+-----+-----+--------------+--------------+--------------+

