

================================================================
== Vitis HLS Report for 'park_direct_float_s'
================================================================
* Date:           Mon Oct 17 13:30:30 2022

* Version:        2021.2 (Build 3367213 on Tue Oct 19 02:47:39 MDT 2021)
* Project:        foc-rewrite
* Solution:       foc (Vivado IP Flow Target)
* Product family: zynquplus
* Target device:  xczu7ev-ffvc1156-2-e


================================================================
== Performance Estimates
================================================================
+ Timing: 
    * Summary: 
    +--------+----------+----------+------------+
    |  Clock |  Target  | Estimated| Uncertainty|
    +--------+----------+----------+------------+
    |ap_clk  |  10.00 ns|  7.016 ns|     2.70 ns|
    +--------+----------+----------+------------+

+ Latency: 
    * Summary: 
    +---------+---------+----------+----------+-----+-----+---------+
    |  Latency (cycles) |  Latency (absolute) |  Interval | Pipeline|
    |   min   |   max   |    min   |    max   | min | max |   Type  |
    +---------+---------+----------+----------+-----+-----+---------+
    |       14|       14|  0.140 us|  0.140 us|   14|   14|       no|
    +---------+---------+----------+----------+-----+-----+---------+

    + Detail: 
        * Instance: 
        N/A

        * Loop: 
        N/A



================================================================
== Utilization Estimates
================================================================
* Summary: 
+-----------------+---------+------+--------+--------+-----+
|       Name      | BRAM_18K|  DSP |   FF   |   LUT  | URAM|
+-----------------+---------+------+--------+--------+-----+
|DSP              |        -|     -|       -|       -|    -|
|Expression       |        -|     -|       0|     200|    -|
|FIFO             |        -|     -|       -|       -|    -|
|Instance         |        -|    16|     966|     968|    -|
|Memory           |        4|     -|       0|       0|    -|
|Multiplexer      |        -|     -|       -|     153|    -|
|Register         |        -|     -|     343|       -|    -|
+-----------------+---------+------+--------+--------+-----+
|Total            |        4|    16|    1309|    1321|    0|
+-----------------+---------+------+--------+--------+-----+
|Available        |      624|  1728|  460800|  230400|   96|
+-----------------+---------+------+--------+--------+-----+
|Utilization (%)  |       ~0|    ~0|      ~0|      ~0|    0|
+-----------------+---------+------+--------+--------+-----+

+ Detail: 
    * Instance: 
    +------------------------------------+--------------------------------+---------+----+-----+-----+-----+
    |              Instance              |             Module             | BRAM_18K| DSP|  FF | LUT | URAM|
    +------------------------------------+--------------------------------+---------+----+-----+-----+-----+
    |fadd_32ns_32ns_32_4_full_dsp_1_U33  |fadd_32ns_32ns_32_4_full_dsp_1  |        0|   2|  227|  214|    0|
    |fcmp_32ns_32ns_1_2_no_dsp_1_U41     |fcmp_32ns_32ns_1_2_no_dsp_1     |        0|   0|    0|    0|    0|
    |fcmp_32ns_32ns_1_2_no_dsp_1_U42     |fcmp_32ns_32ns_1_2_no_dsp_1     |        0|   0|    0|    0|    0|
    |fcmp_32ns_32ns_1_2_no_dsp_1_U43     |fcmp_32ns_32ns_1_2_no_dsp_1     |        0|   0|    0|    0|    0|
    |fcmp_32ns_32ns_1_2_no_dsp_1_U44     |fcmp_32ns_32ns_1_2_no_dsp_1     |        0|   0|    0|    0|    0|
    |fmul_32ns_32ns_32_3_max_dsp_1_U35   |fmul_32ns_32ns_32_3_max_dsp_1   |        0|   3|  128|  135|    0|
    |fmul_32ns_32ns_32_3_max_dsp_1_U36   |fmul_32ns_32ns_32_3_max_dsp_1   |        0|   3|  128|  135|    0|
    |fmul_32ns_32ns_32_3_max_dsp_1_U37   |fmul_32ns_32ns_32_3_max_dsp_1   |        0|   3|  128|  135|    0|
    |fmul_32ns_32ns_32_3_max_dsp_1_U38   |fmul_32ns_32ns_32_3_max_dsp_1   |        0|   3|  128|  135|    0|
    |fsub_32ns_32ns_32_4_full_dsp_1_U34  |fsub_32ns_32ns_32_4_full_dsp_1  |        0|   2|  227|  214|    0|
    |sitofp_32s_32_4_no_dsp_1_U39        |sitofp_32s_32_4_no_dsp_1        |        0|   0|    0|    0|    0|
    |sitofp_32s_32_4_no_dsp_1_U40        |sitofp_32s_32_4_no_dsp_1        |        0|   0|    0|    0|    0|
    +------------------------------------+--------------------------------+---------+----+-----+-----+-----+
    |Total                               |                                |        0|  16|  966|  968|    0|
    +------------------------------------+--------------------------------+---------+----+-----+-----+-----+

    * DSP: 
    N/A

    * Memory: 
    +------------+------------------------------------------+---------+---+----+-----+------+-----+------+-------------+
    |   Memory   |                  Module                  | BRAM_18K| FF| LUT| URAM| Words| Bits| Banks| W*Bits*Banks|
    +------------+------------------------------------------+---------+---+----+-----+------+-----+------+-------------+
    |cosine_d_U  |park_direct_float_s_cosine_d_ROM_AUTO_1R  |        2|  0|   0|    0|  1000|   32|     1|        32000|
    |sine_d_U    |park_direct_float_s_sine_d_ROM_AUTO_1R    |        2|  0|   0|    0|  1000|   32|     1|        32000|
    +------------+------------------------------------------+---------+---+----+-----+------+-----+------+-------------+
    |Total       |                                          |        4|  0|   0|    0|  2000|   64|     2|        64000|
    +------------+------------------------------------------+---------+---+----+-----+------+-----+------+-------------+

    * FIFO: 
    N/A

    * Expression: 
    +-----------------------+----------+----+---+----+------------+------------+
    |     Variable Name     | Operation| DSP| FF| LUT| Bitwidth P0| Bitwidth P1|
    +-----------------------+----------+----+---+----+------------+------------+
    |sub_ln12_2_fu_299_p2   |         -|   0|  0|   9|           2|           2|
    |sub_ln12_fu_254_p2     |         -|   0|  0|   9|           2|           2|
    |sub_ln31_fu_272_p2     |         -|   0|  0|  24|          17|          17|
    |sub_ln35_fu_317_p2     |         -|   0|  0|  24|          17|          17|
    |and_ln12_4_fu_246_p2   |       and|   0|  0|   2|           1|           1|
    |and_ln12_5_fu_283_p2   |       and|   0|  0|   2|           1|           1|
    |and_ln12_6_fu_291_p2   |       and|   0|  0|   2|           1|           1|
    |and_ln12_fu_238_p2     |       and|   0|  0|   2|           1|           1|
    |and_ln30_fu_328_p2     |       and|   0|  0|   2|           1|           1|
    |and_ln34_fu_339_p2     |       and|   0|  0|   2|           1|           1|
    |icmp_ln30_2_fu_178_p2  |      icmp|   0|  0|  16|          23|           1|
    |icmp_ln30_fu_172_p2    |      icmp|   0|  0|  11|           8|           2|
    |icmp_ln34_2_fu_226_p2  |      icmp|   0|  0|  16|          23|           1|
    |icmp_ln34_fu_220_p2    |      icmp|   0|  0|  11|           8|           2|
    |or_ln30_fu_184_p2      |        or|   0|  0|   2|           1|           1|
    |or_ln34_fu_232_p2      |        or|   0|  0|   2|           1|           1|
    |select_ln30_fu_332_p3  |    select|   0|  0|  32|           1|          32|
    |select_ln34_fu_343_p3  |    select|   0|  0|  32|           1|          32|
    +-----------------------+----------+----+---+----+------------+------------+
    |Total                  |          |   0|  0| 200|         110|         116|
    +-----------------------+----------+----+---+----+------------+------------+

    * Multiplexer: 
    +-------------------+----+-----------+-----+-----------+
    |        Name       | LUT| Input Size| Bits| Total Bits|
    +-------------------+----+-----------+-----+-----------+
    |ap_NS_fsm          |  65|         16|    1|         16|
    |ap_return_0        |   9|          2|   32|         64|
    |ap_return_1        |   9|          2|   32|         64|
    |grp_fu_114_p0      |  14|          3|   32|         96|
    |grp_fu_114_p1      |  14|          3|   32|         96|
    |grp_fu_119_opcode  |  14|          3|    5|         15|
    |grp_fu_119_p0      |  14|          3|   32|         96|
    |grp_fu_119_p1      |  14|          3|   32|         96|
    +-------------------+----+-----------+-----+-----------+
    |Total              | 153|         35|  198|        543|
    +-------------------+----+-----------+-----+-----------+

    * Register: 
    +--------------------+----+----+-----+-----------+
    |        Name        | FF | LUT| Bits| Const Bits|
    +--------------------+----+----+-----+-----------+
    |Ialpha_cos_reg_396  |  32|   0|   32|          0|
    |Ialpha_sin_reg_401  |  32|   0|   32|          0|
    |Ibeta_cos_reg_406   |  32|   0|   32|          0|
    |Ibeta_sin_reg_411   |  32|   0|   32|          0|
    |ap_CS_fsm           |  15|   0|   15|          0|
    |ap_return_0_preg    |  32|   0|   32|          0|
    |ap_return_1_preg    |  32|   0|   32|          0|
    |cos_angle_reg_378   |  32|   0|   32|          0|
    |dc_5_reg_424        |  32|   0|   32|          0|
    |dc_reg_416          |  32|   0|   32|          0|
    |or_ln30_reg_437     |   1|   0|    1|          0|
    |or_ln34_reg_459     |   1|   0|    1|          0|
    |sin_angle_reg_372   |  32|   0|   32|          0|
    |tmp_10_reg_444      |   1|   0|    1|          0|
    |tmp_12_reg_486      |   1|   0|    1|          0|
    |tmp_13_reg_466      |   1|   0|    1|          0|
    |tmp_14_reg_471      |   1|   0|    1|          0|
    |tmp_9_reg_476       |   1|   0|    1|          0|
    |tmp_s_reg_449       |   1|   0|    1|          0|
    +--------------------+----+----+-----+-----------+
    |Total               | 343|   0|  343|          0|
    +--------------------+----+----+-----+-----------+



================================================================
== Interface
================================================================
* Summary: 
+-------------+-----+-----+------------+--------------------+--------------+
|  RTL Ports  | Dir | Bits|  Protocol  |    Source Object   |    C Type    |
+-------------+-----+-----+------------+--------------------+--------------+
|ap_clk       |   in|    1|  ap_ctrl_hs|  park_direct<float>|  return value|
|ap_rst       |   in|    1|  ap_ctrl_hs|  park_direct<float>|  return value|
|ap_start     |   in|    1|  ap_ctrl_hs|  park_direct<float>|  return value|
|ap_done      |  out|    1|  ap_ctrl_hs|  park_direct<float>|  return value|
|ap_idle      |  out|    1|  ap_ctrl_hs|  park_direct<float>|  return value|
|ap_ready     |  out|    1|  ap_ctrl_hs|  park_direct<float>|  return value|
|ap_return_0  |  out|   32|  ap_ctrl_hs|  park_direct<float>|  return value|
|ap_return_1  |  out|   32|  ap_ctrl_hs|  park_direct<float>|  return value|
|Ialpha       |   in|   32|     ap_none|              Ialpha|        scalar|
|Ibeta        |   in|   32|     ap_none|               Ibeta|        scalar|
|angle        |   in|   10|     ap_none|               angle|        scalar|
+-------------+-----+-----+------------+--------------------+--------------+

