

================================================================
== Vitis HLS Report for 'PI_control_float_s'
================================================================
* Date:           Wed Oct 19 22:36:48 2022

* Version:        2021.2 (Build 3367213 on Tue Oct 19 02:47:39 MDT 2021)
* Project:        foc-rewrite
* Solution:       foc (Vivado IP Flow Target)
* Product family: zynquplus
* Target device:  xczu7ev-ffvc1156-2-e


================================================================
== Performance Estimates
================================================================
+ Timing: 
    * Summary: 
    +--------+----------+----------+------------+
    |  Clock |  Target  | Estimated| Uncertainty|
    +--------+----------+----------+------------+
    |ap_clk  |  10.00 ns|  7.016 ns|     2.70 ns|
    +--------+----------+----------+------------+

+ Latency: 
    * Summary: 
    +---------+---------+----------+----------+-----+-----+---------+
    |  Latency (cycles) |  Latency (absolute) |  Interval | Pipeline|
    |   min   |   max   |    min   |    max   | min | max |   Type  |
    +---------+---------+----------+----------+-----+-----+---------+
    |       20|       20|  0.200 us|  0.200 us|   20|   20|       no|
    +---------+---------+----------+----------+-----+-----+---------+

    + Detail: 
        * Instance: 
        N/A

        * Loop: 
        N/A



================================================================
== Utilization Estimates
================================================================
* Summary: 
+-----------------+---------+------+--------+--------+-----+
|       Name      | BRAM_18K|  DSP |   FF   |   LUT  | URAM|
+-----------------+---------+------+--------+--------+-----+
|DSP              |        -|     -|       -|       -|    -|
|Expression       |        -|     -|       0|     100|    -|
|FIFO             |        -|     -|       -|       -|    -|
|Instance         |        -|     8|     483|     484|    -|
|Memory           |        -|     -|       -|       -|    -|
|Multiplexer      |        -|     -|       -|     202|    -|
|Register         |        -|     -|     185|       -|    -|
+-----------------+---------+------+--------+--------+-----+
|Total            |        0|     8|     668|     786|    0|
+-----------------+---------+------+--------+--------+-----+
|Available        |      624|  1728|  460800|  230400|   96|
+-----------------+---------+------+--------+--------+-----+
|Utilization (%)  |        0|    ~0|      ~0|      ~0|    0|
+-----------------+---------+------+--------+--------+-----+

+ Detail: 
    * Instance: 
    +----------------------------------------+------------------------------------+---------+----+-----+-----+-----+
    |                Instance                |               Module               | BRAM_18K| DSP|  FF | LUT | URAM|
    +----------------------------------------+------------------------------------+---------+----+-----+-----+-----+
    |faddfsub_32ns_32ns_32_4_full_dsp_1_U51  |faddfsub_32ns_32ns_32_4_full_dsp_1  |        0|   2|  227|  214|    0|
    |fcmp_32ns_32ns_1_2_no_dsp_1_U55         |fcmp_32ns_32ns_1_2_no_dsp_1         |        0|   0|    0|    0|    0|
    |fcmp_32ns_32ns_1_2_no_dsp_1_U56         |fcmp_32ns_32ns_1_2_no_dsp_1         |        0|   0|    0|    0|    0|
    |fmul_32ns_32ns_32_3_max_dsp_1_U52       |fmul_32ns_32ns_32_3_max_dsp_1       |        0|   3|  128|  135|    0|
    |fmul_32ns_32ns_32_3_max_dsp_1_U53       |fmul_32ns_32ns_32_3_max_dsp_1       |        0|   3|  128|  135|    0|
    |sitofp_32s_32_4_no_dsp_1_U54            |sitofp_32s_32_4_no_dsp_1            |        0|   0|    0|    0|    0|
    +----------------------------------------+------------------------------------+---------+----+-----+-----+-----+
    |Total                                   |                                    |        0|   8|  483|  484|    0|
    +----------------------------------------+------------------------------------+---------+----+-----+-----+-----+

    * DSP: 
    N/A

    * Memory: 
    N/A

    * FIFO: 
    N/A

    * Expression: 
    +-----------------------+----------+----+---+----+------------+------------+
    |     Variable Name     | Operation| DSP| FF| LUT| Bitwidth P0| Bitwidth P1|
    +-----------------------+----------+----+---+----+------------+------------+
    |sub_ln12_fu_164_p2     |         -|   0|  0|   9|           2|           2|
    |sub_ln37_fu_182_p2     |         -|   0|  0|  24|          17|          17|
    |and_ln12_15_fu_156_p2  |       and|   0|  0|   2|           1|           1|
    |and_ln12_fu_148_p2     |       and|   0|  0|   2|           1|           1|
    |and_ln36_fu_193_p2     |       and|   0|  0|   2|           1|           1|
    |icmp_ln36_1_fu_136_p2  |      icmp|   0|  0|  16|          23|           1|
    |icmp_ln36_fu_130_p2    |      icmp|   0|  0|  11|           8|           2|
    |or_ln36_fu_142_p2      |        or|   0|  0|   2|           1|           1|
    |select_ln36_fu_197_p3  |    select|   0|  0|  32|           1|          32|
    +-----------------------+----------+----+---+----+------------+------------+
    |Total                  |          |   0|  0| 100|          55|          58|
    +-----------------------+----------+----+---+----+------------+------------+

    * Multiplexer: 
    +------------------+-----+-----------+-----+-----------+
    |       Name       | LUT | Input Size| Bits| Total Bits|
    +------------------+-----+-----------+-----+-----------+
    |ap_NS_fsm         |  111|         22|    1|         22|
    |ap_return         |    9|          2|   32|         64|
    |grp_fu_60_opcode  |   14|          3|    2|          6|
    |grp_fu_60_p0      |   20|          4|   32|        128|
    |grp_fu_60_p1      |   20|          4|   32|        128|
    |grp_fu_80_p0      |   14|          3|   32|         96|
    |grp_fu_80_p1      |   14|          3|   32|         96|
    +------------------+-----+-----------+-----+-----------+
    |Total             |  202|         41|  163|        540|
    +------------------+-----+-----------+-----+-----------+

    * Register: 
    +---------------------+----+----+-----+-----------+
    |         Name        | FF | LUT| Bits| Const Bits|
    +---------------------+----+----+-----+-----------+
    |ap_CS_fsm            |  21|   0|   21|          0|
    |ap_return_preg       |  32|   0|   32|          0|
    |ierr_assign_reg_220  |  32|   0|   32|          0|
    |mul1_reg_240         |  32|   0|   32|          0|
    |mul_reg_235          |  32|   0|   32|          0|
    |or_ln36_reg_250      |   1|   0|    1|          0|
    |reg_91               |  32|   0|   32|          0|
    |tmp_51_reg_257       |   1|   0|    1|          0|
    |tmp_52_reg_262       |   1|   0|    1|          0|
    |tmp_s_reg_267        |   1|   0|    1|          0|
    +---------------------+----+----+-----+-----------+
    |Total                | 185|   0|  185|          0|
    +---------------------+----+----+-----+-----------+



================================================================
== Interface
================================================================
* Summary: 
+-----------+-----+-----+------------+-------------------+--------------+
| RTL Ports | Dir | Bits|  Protocol  |   Source Object   |    C Type    |
+-----------+-----+-----+------------+-------------------+--------------+
|ap_clk     |   in|    1|  ap_ctrl_hs|  PI_control<float>|  return value|
|ap_rst     |   in|    1|  ap_ctrl_hs|  PI_control<float>|  return value|
|ap_start   |   in|    1|  ap_ctrl_hs|  PI_control<float>|  return value|
|ap_done    |  out|    1|  ap_ctrl_hs|  PI_control<float>|  return value|
|ap_idle    |  out|    1|  ap_ctrl_hs|  PI_control<float>|  return value|
|ap_ready   |  out|    1|  ap_ctrl_hs|  PI_control<float>|  return value|
|ap_return  |  out|   32|  ap_ctrl_hs|  PI_control<float>|  return value|
|ref        |   in|   32|     ap_none|                ref|        scalar|
|val_r      |   in|   32|     ap_none|              val_r|        scalar|
|KP         |   in|   32|     ap_none|                 KP|        scalar|
|KI         |   in|   32|     ap_none|                 KI|        scalar|
|ierr       |   in|   32|     ap_none|               ierr|        scalar|
+-----------+-----+-----+------------+-------------------+--------------+

