

================================================================
== Vitis HLS Report for 'torque_foc'
================================================================
* Date:           Mon Oct 17 13:30:32 2022

* Version:        2021.2 (Build 3367213 on Tue Oct 19 02:47:39 MDT 2021)
* Project:        foc-rewrite
* Solution:       foc (Vivado IP Flow Target)
* Product family: zynquplus
* Target device:  xczu7ev-ffvc1156-2-e


================================================================
== Performance Estimates
================================================================
+ Timing: 
    * Summary: 
    +--------+----------+----------+------------+
    |  Clock |  Target  | Estimated| Uncertainty|
    +--------+----------+----------+------------+
    |ap_clk  |  10.00 ns|  7.300 ns|     2.70 ns|
    +--------+----------+----------+------------+

+ Latency: 
    * Summary: 
    +---------+---------+----------+----------+-----+-----+---------+
    |  Latency (cycles) |  Latency (absolute) |  Interval | Pipeline|
    |   min   |   max   |    min   |    max   | min | max |   Type  |
    +---------+---------+----------+----------+-----+-----+---------+
    |      200|      200|  2.000 us|  2.000 us|  200|  200|       no|
    +---------+---------+----------+----------+-----+-----+---------+

    + Detail: 
        * Instance: 
        +------------------------------------+-------------------------+---------+---------+----------+----------+-----+-----+---------+
        |                                    |                         |  Latency (cycles) |  Latency (absolute) |  Interval | Pipeline|
        |              Instance              |          Module         |   min   |   max   |    min   |    max   | min | max |   Type  |
        +------------------------------------+-------------------------+---------+---------+----------+----------+-----+-----+---------+
        |grp_low_pass_filter_float_s_fu_429  |low_pass_filter_float_s  |       77|       77|  0.770 us|  0.770 us|   77|   77|       no|
        |grp_clarke_direct_float_s_fu_448    |clarke_direct_float_s    |       15|       15|  0.150 us|  0.150 us|   15|   15|       no|
        |grp_park_direct_float_s_fu_454      |park_direct_float_s      |       14|       14|  0.140 us|  0.140 us|   14|   14|       no|
        |grp_PI_control_float_s_fu_465       |PI_control_float_s       |       20|       20|  0.200 us|  0.200 us|   20|   20|       no|
        |grp_PI_control_float_s_fu_476       |PI_control_float_s       |       20|       20|  0.200 us|  0.200 us|   20|   20|       no|
        |grp_decoupling_float_s_fu_488       |decoupling_float_s       |       13|       13|  0.130 us|  0.130 us|   13|   13|       no|
        |grp_park_inverse_float_s_fu_497     |park_inverse_float_s     |       14|       14|  0.140 us|  0.140 us|   14|   14|       no|
        |grp_clarke_inverse_float_s_fu_508   |clarke_inverse_float_s   |       15|       15|  0.150 us|  0.150 us|   15|   15|       no|
        |grp_SVPWM_float_s_fu_514            |SVPWM_float_s            |       10|       10|  0.100 us|  0.100 us|   10|   10|       no|
        +------------------------------------+-------------------------+---------+---------+----------+----------+-----+-----+---------+

        * Loop: 
        N/A



================================================================
== Utilization Estimates
================================================================
* Summary: 
+-----------------+---------+------+--------+--------+-----+
|       Name      | BRAM_18K|  DSP |   FF   |   LUT  | URAM|
+-----------------+---------+------+--------+--------+-----+
|DSP              |        -|     -|       -|       -|    -|
|Expression       |        -|     -|       0|    1918|    -|
|FIFO             |        -|     -|       -|       -|    -|
|Instance         |        8|   102|    9151|   11308|    -|
|Memory           |        -|     -|       -|       -|    -|
|Multiplexer      |        -|     -|       -|     405|    -|
|Register         |        -|     -|     890|       -|    -|
+-----------------+---------+------+--------+--------+-----+
|Total            |        8|   102|   10041|   13631|    0|
+-----------------+---------+------+--------+--------+-----+
|Available        |      624|  1728|  460800|  230400|   96|
+-----------------+---------+------+--------+--------+-----+
|Utilization (%)  |        1|     5|       2|       5|    0|
+-----------------+---------+------+--------+--------+-----+

+ Detail: 
    * Instance: 
    +-------------------------------------+--------------------------------+---------+----+------+------+-----+
    |               Instance              |             Module             | BRAM_18K| DSP|  FF  |  LUT | URAM|
    +-------------------------------------+--------------------------------+---------+----+------+------+-----+
    |grp_PI_control_float_s_fu_465        |PI_control_float_s              |        0|   8|   668|   786|    0|
    |grp_PI_control_float_s_fu_476        |PI_control_float_s              |        0|   8|   668|   786|    0|
    |grp_SVPWM_float_s_fu_514             |SVPWM_float_s                   |        0|   9|  1012|  2399|    0|
    |grp_clarke_direct_float_s_fu_448     |clarke_direct_float_s           |        0|   5|   507|   746|    0|
    |grp_clarke_inverse_float_s_fu_508    |clarke_inverse_float_s          |        0|  10|   994|  1291|    0|
    |grp_decoupling_float_s_fu_488        |decoupling_float_s              |        0|  10|   884|   829|    0|
    |fsub_32ns_32ns_32_4_full_dsp_1_U106  |fsub_32ns_32ns_32_4_full_dsp_1  |        0|   2|   227|   214|    0|
    |grp_low_pass_filter_float_s_fu_429   |low_pass_filter_float_s         |        0|  18|  1573|  1615|    0|
    |grp_park_direct_float_s_fu_454       |park_direct_float_s             |        4|  16|  1309|  1321|    0|
    |grp_park_inverse_float_s_fu_497      |park_inverse_float_s            |        4|  16|  1309|  1321|    0|
    |sitofp_32s_32_4_no_dsp_1_U107        |sitofp_32s_32_4_no_dsp_1        |        0|   0|     0|     0|    0|
    |sitofp_32s_32_4_no_dsp_1_U108        |sitofp_32s_32_4_no_dsp_1        |        0|   0|     0|     0|    0|
    |sitofp_32s_32_4_no_dsp_1_U109        |sitofp_32s_32_4_no_dsp_1        |        0|   0|     0|     0|    0|
    +-------------------------------------+--------------------------------+---------+----+------+------+-----+
    |Total                                |                                |        8| 102|  9151| 11308|    0|
    +-------------------------------------+--------------------------------+---------+----+------+------+-----+

    * DSP: 
    N/A

    * Memory: 
    N/A

    * FIFO: 
    N/A

    * Expression: 
    +----------------------------------+----------+----+---+-----+------------+------------+
    |           Variable Name          | Operation| DSP| FF| LUT | Bitwidth P0| Bitwidth P1|
    +----------------------------------+----------+----+---+-----+------------+------------+
    |add_ln283_fu_903_p2               |         +|   0|  0|   23|          16|          10|
    |add_ln284_fu_923_p2               |         +|   0|  0|   23|          16|          11|
    |add_ln344_1_fu_1020_p2            |         +|   0|  0|   16|           9|           8|
    |add_ln344_2_fu_1132_p2            |         +|   0|  0|   16|           9|           8|
    |add_ln344_3_fu_652_p2             |         +|   0|  0|   16|           9|           8|
    |add_ln344_fu_799_p2               |         +|   0|  0|   16|           9|           8|
    |result_V_10_fu_1213_p2            |         -|   0|  0|   23|           1|          16|
    |result_V_12_fu_734_p2             |         -|   0|  0|   23|           1|          16|
    |result_V_2_fu_881_p2              |         -|   0|  0|   23|           1|          16|
    |result_V_5_fu_1102_p2             |         -|   0|  0|   23|           1|          16|
    |sub_ln1364_1_fu_1034_p2           |         -|   0|  0|   15|           7|           8|
    |sub_ln1364_2_fu_1146_p2           |         -|   0|  0|   15|           7|           8|
    |sub_ln1364_3_fu_666_p2            |         -|   0|  0|   15|           7|           8|
    |sub_ln1364_fu_813_p2              |         -|   0|  0|   15|           7|           8|
    |icmp_ln284_fu_917_p2              |      icmp|   0|  0|   13|          16|          10|
    |r_V_2_fu_1060_p2                  |      lshr|   0|  0|  176|          63|          63|
    |r_V_4_fu_1171_p2                  |      lshr|   0|  0|  176|          63|          63|
    |r_V_6_fu_692_p2                   |      lshr|   0|  0|  176|          63|          63|
    |r_V_fu_839_p2                     |      lshr|   0|  0|  176|          63|          63|
    |ap_block_state1                   |        or|   0|  0|    2|           1|           1|
    |ap_block_state14_on_subcall_done  |        or|   0|  0|    2|           1|           1|
    |ap_block_state22                  |        or|   0|  0|    2|           1|           1|
    |Theta_2_fu_909_p3                 |    select|   0|  0|   16|           1|          16|
    |Theta_fu_929_p3                   |    select|   0|  0|   16|           1|          16|
    |result_V_13_fu_1108_p3            |    select|   0|  0|   16|           1|          16|
    |result_V_14_fu_740_p3             |    select|   0|  0|   16|           1|          16|
    |result_V_fu_887_p3                |    select|   0|  0|   16|           1|          16|
    |select_ln59_fu_1219_p3            |    select|   0|  0|   16|           1|          16|
    |ush_1_fu_1044_p3                  |    select|   0|  0|    9|           1|           9|
    |ush_2_fu_1155_p3                  |    select|   0|  0|    9|           1|           9|
    |ush_3_fu_676_p3                   |    select|   0|  0|    9|           1|           9|
    |ush_fu_823_p3                     |    select|   0|  0|    9|           1|           9|
    |val_1_fu_1094_p3                  |    select|   0|  0|   16|           1|          16|
    |val_2_fu_1205_p3                  |    select|   0|  0|   16|           1|          16|
    |val_3_fu_726_p3                   |    select|   0|  0|   16|           1|          16|
    |val_fu_873_p3                     |    select|   0|  0|   16|           1|          16|
    |r_V_1_fu_845_p2                   |       shl|   0|  0|  176|          63|          63|
    |r_V_3_fu_1066_p2                  |       shl|   0|  0|  176|          63|          63|
    |r_V_5_fu_1177_p2                  |       shl|   0|  0|  176|          63|          63|
    |r_V_7_fu_698_p2                   |       shl|   0|  0|  176|          63|          63|
    |xor_ln329_fu_1239_p2              |       xor|   0|  0|   33|          32|          33|
    +----------------------------------+----------+----+---+-----+------------+------------+
    |Total                             |          |   0|  0| 1918|         669|         895|
    +----------------------------------+----------+----+---+-----+------------+------------+

    * Multiplexer: 
    +------------------+-----+-----------+-----+-----------+
    |       Name       | LUT | Input Size| Bits| Total Bits|
    +------------------+-----+-----------+-----+-----------+
    |A_TDATA_blk_n     |    9|          2|    1|          2|
    |B_TDATA_blk_n     |    9|          2|    1|          2|
    |C_TDATA_blk_n     |    9|          2|    1|          2|
    |Y1a_prev_o        |    9|          2|   32|         64|
    |Y1b_prev_o        |    9|          2|   32|         64|
    |Y2a_prev_o        |    9|          2|   32|         64|
    |Y2b_prev_o        |    9|          2|   32|         64|
    |ap_NS_fsm         |  121|         24|    1|         24|
    |control_address0  |   14|          3|    3|          9|
    |grp_fu_525_p0     |   20|          4|   32|        128|
    |logger_address0   |   89|         18|    5|         90|
    |logger_d0         |   89|         18|   32|        576|
    |velocity_accum_o  |    9|          2|   32|         64|
    +------------------+-----+-----------+-----+-----------+
    |Total             |  405|         83|  236|       1153|
    +------------------+-----+-----------+-----+-----------+

    * Register: 
    +-------------------------------------------------+----+----+-----+-----------+
    |                       Name                      | FF | LUT| Bits| Const Bits|
    +-------------------------------------------------+----+----+-----+-----------+
    |Angle_reg_1376                                   |  16|   0|   16|          0|
    |Ia_corr_1_reg_1437                               |  32|   0|   32|          0|
    |Ia_corr_reg_1407                                 |  32|   0|   32|          0|
    |Ialpha_reg_1470                                  |  32|   0|   32|          0|
    |Ib_corr_1_reg_1443                               |  32|   0|   32|          0|
    |Ib_corr_reg_1412                                 |  32|   0|   32|          0|
    |Ibeta_reg_1475                                   |  32|   0|   32|          0|
    |Id_reg_1512                                      |  32|   0|   32|          0|
    |Iq_reg_1518                                      |  32|   0|   32|          0|
    |Theta_reg_1459                                   |  16|   0|   16|          0|
    |Va_reg_1581                                      |  32|   0|   32|          0|
    |Valpha_reg_1569                                  |  32|   0|   32|          0|
    |Vb_reg_1587                                      |  32|   0|   32|          0|
    |Vbeta_reg_1575                                   |  32|   0|   32|          0|
    |Vc_reg_1593                                      |  32|   0|   32|          0|
    |Vd_decoupled_reg_1557                            |  32|   0|   32|          0|
    |Vd_reg_1552                                      |  32|   0|   32|          0|
    |Vq_decoupled_reg_1563                            |  32|   0|   32|          0|
    |Vq_reg_1546                                      |  32|   0|   32|          0|
    |ap_CS_fsm                                        |  23|   0|   23|          0|
    |bitcast_ln329_reg_1535                           |  32|   0|   32|          0|
    |conv_reg_1417                                    |  32|   0|   32|          0|
    |dc_reg_1454                                      |  32|   0|   32|          0|
    |grp_PI_control_float_s_fu_465_ap_start_reg       |   1|   0|    1|          0|
    |grp_PI_control_float_s_fu_476_ap_start_reg       |   1|   0|    1|          0|
    |grp_SVPWM_float_s_fu_514_ap_start_reg            |   1|   0|    1|          0|
    |grp_clarke_direct_float_s_fu_448_ap_start_reg    |   1|   0|    1|          0|
    |grp_clarke_inverse_float_s_fu_508_ap_start_reg   |   1|   0|    1|          0|
    |grp_decoupling_float_s_fu_488_ap_start_reg       |   1|   0|    1|          0|
    |grp_low_pass_filter_float_s_fu_429_ap_start_reg  |   1|   0|    1|          0|
    |grp_park_direct_float_s_fu_454_ap_start_reg      |   1|   0|    1|          0|
    |grp_park_inverse_float_s_fu_497_ap_start_reg     |   1|   0|    1|          0|
    |ierr_flux_s                                      |   0|   0|   32|         32|
    |ierr_torque_s                                    |   0|   0|   32|         32|
    |p_Result_2_reg_1481                              |   1|   0|    1|          0|
    |result_V_13_reg_1502                             |  16|   0|   16|          0|
    |result_V_14_reg_1449                             |  16|   0|   16|          0|
    |select_ln59_reg_1507                             |  16|   0|   16|          0|
    |tmp_26_reg_1486                                  |   8|   0|    8|          0|
    |tmp_27_reg_1492                                  |  23|   0|   23|          0|
    |trunc_ln255_reg_1464                             |  10|   0|   10|          0|
    |vel_corr_2_reg_1432                              |  32|   0|   32|          0|
    |vel_corr_reg_1401                                |  32|   0|   32|          0|
    |xor_ln329_reg_1525                               |  32|   0|   32|          0|
    +-------------------------------------------------+----+----+-----+-----------+
    |Total                                            | 890|   0|  954|         64|
    +-------------------------------------------------+----+----+-----+-----------+



================================================================
== Interface
================================================================
* Summary: 
+--------------------------+-----+-----+------------+-----------------+--------------+
|         RTL Ports        | Dir | Bits|  Protocol  |  Source Object  |    C Type    |
+--------------------------+-----+-----+------------+-----------------+--------------+
|ap_clk                    |   in|    1|  ap_ctrl_hs|       torque_foc|  return value|
|ap_rst                    |   in|    1|  ap_ctrl_hs|       torque_foc|  return value|
|ap_start                  |   in|    1|  ap_ctrl_hs|       torque_foc|  return value|
|ap_done                   |  out|    1|  ap_ctrl_hs|       torque_foc|  return value|
|ap_idle                   |  out|    1|  ap_ctrl_hs|       torque_foc|  return value|
|ap_ready                  |  out|    1|  ap_ctrl_hs|       torque_foc|  return value|
|A_TDATA                   |   in|   80|        axis|       A_V_data_V|       pointer|
|A_TVALID                  |   in|    1|        axis|       A_V_data_V|       pointer|
|A_TREADY                  |  out|    1|        axis|       A_V_last_V|       pointer|
|A_TLAST                   |   in|    1|        axis|       A_V_last_V|       pointer|
|A_TKEEP                   |   in|   10|        axis|       A_V_keep_V|       pointer|
|A_TSTRB                   |   in|   10|        axis|       A_V_strb_V|       pointer|
|B_TDATA                   |  out|   64|        axis|       B_V_data_V|       pointer|
|B_TREADY                  |   in|    1|        axis|       B_V_data_V|       pointer|
|B_TVALID                  |  out|    1|        axis|       B_V_last_V|       pointer|
|B_TLAST                   |  out|    1|        axis|       B_V_last_V|       pointer|
|B_TKEEP                   |  out|    8|        axis|       B_V_keep_V|       pointer|
|B_TSTRB                   |  out|    8|        axis|       B_V_strb_V|       pointer|
|C_TDATA                   |  out|   64|        axis|       C_V_data_V|       pointer|
|C_TREADY                  |   in|    1|        axis|       C_V_data_V|       pointer|
|C_TVALID                  |  out|    1|        axis|       C_V_last_V|       pointer|
|C_TLAST                   |  out|    1|        axis|       C_V_last_V|       pointer|
|C_TKEEP                   |  out|    8|        axis|       C_V_keep_V|       pointer|
|C_TSTRB                   |  out|    8|        axis|       C_V_strb_V|       pointer|
|control_address0          |  out|    3|   ap_memory|          control|         array|
|control_ce0               |  out|    1|   ap_memory|          control|         array|
|control_q0                |   in|   32|   ap_memory|          control|         array|
|logger_address0           |  out|    5|   ap_memory|           logger|         array|
|logger_ce0                |  out|    1|   ap_memory|           logger|         array|
|logger_we0                |  out|    1|   ap_memory|           logger|         array|
|logger_d0                 |  out|   32|   ap_memory|           logger|         array|
|velocity_accum_i          |   in|   32|     ap_ovld|   velocity_accum|       pointer|
|velocity_accum_o          |  out|   32|     ap_ovld|   velocity_accum|       pointer|
|velocity_accum_o_ap_vld   |  out|    1|     ap_ovld|   velocity_accum|       pointer|
|buffer_velocity_address0  |  out|    5|   ap_memory|  buffer_velocity|         array|
|buffer_velocity_ce0       |  out|    1|   ap_memory|  buffer_velocity|         array|
|buffer_velocity_we0       |  out|    1|   ap_memory|  buffer_velocity|         array|
|buffer_velocity_d0        |  out|   32|   ap_memory|  buffer_velocity|         array|
|buffer_velocity_q0        |   in|   32|   ap_memory|  buffer_velocity|         array|
|Y1a_prev_i                |   in|   32|     ap_ovld|         Y1a_prev|       pointer|
|Y1a_prev_o                |  out|   32|     ap_ovld|         Y1a_prev|       pointer|
|Y1a_prev_o_ap_vld         |  out|    1|     ap_ovld|         Y1a_prev|       pointer|
|Y1b_prev_i                |   in|   32|     ap_ovld|         Y1b_prev|       pointer|
|Y1b_prev_o                |  out|   32|     ap_ovld|         Y1b_prev|       pointer|
|Y1b_prev_o_ap_vld         |  out|    1|     ap_ovld|         Y1b_prev|       pointer|
|Y2a_prev_i                |   in|   32|     ap_ovld|         Y2a_prev|       pointer|
|Y2a_prev_o                |  out|   32|     ap_ovld|         Y2a_prev|       pointer|
|Y2a_prev_o_ap_vld         |  out|    1|     ap_ovld|         Y2a_prev|       pointer|
|Y2b_prev_i                |   in|   32|     ap_ovld|         Y2b_prev|       pointer|
|Y2b_prev_o                |  out|   32|     ap_ovld|         Y2b_prev|       pointer|
|Y2b_prev_o_ap_vld         |  out|    1|     ap_ovld|         Y2b_prev|       pointer|
+--------------------------+-----+-----+------------+-----------------+--------------+

